---------------------------------------------------------------
[ 2019-07-12T19:38:29+08:00 ] 127.0.0.1 GET www.cms.com/
[运行时间：0.245239s] [吞吐率：4.08req/s] [内存消耗：4,040.79kb] [文件加载：42]
[ info ] [ LANG ] D:\Apache24\htdocs\STARCMS\thinkphp\lang\zh-cn.php
[ info ] [ ROUTE ] array (
  'type' => 'module',
  'module' => 
  array (
    0 => '',
    1 => NULL,
    2 => NULL,
  ),
)
[ info ] [ HEADER ] array (
  'accept' => 'text/html, application/xhtml+xml, */*',
  'accept-language' => 'zh-CN',
  'user-agent' => 'Mozilla/5.0 (compatible; MSIE 10.0; Windows NT 6.1; WOW64; Trident/6.0)',
  'accept-encoding' => 'gzip, deflate',
  'dnt' => '1',
  'connection' => 'Keep-Alive',
  'host' => 'www.cms.com',
)
[ info ] [ PARAM ] array (
)
[ info ] [ DB ] INIT mysql
[ info ] [ RUN ] app\index\controller\Index->index[ D:\Apache24\htdocs\STARCMS\application\index\controller\Index.php ]
[ info ] [ LOG ] INIT File
[ sql ] [ DB ] CONNECT:[ UseTime:0.014179s ] mysql:host=127.0.0.1;dbname=studyfoxcms;charset=utf8
[ sql ] [ SQL ] SHOW COLUMNS FROM `sfox_config` [ RunTime:0.026802s ]
[ sql ] [ SQL ] SELECT `varname`,`value` FROM `sfox_config` [ RunTime:0.014740s ]
[ sql ] [ SQL ] SHOW COLUMNS FROM `sfox_category` [ RunTime:0.023436s ]
[ sql ] [ SQL ] SELECT * FROM `sfox_category` ORDER BY `listorder` [ RunTime:0.003464s ]
[ sql ] [ SQL ] SHOW COLUMNS FROM `sfox_debris` [ RunTime:0.040864s ]
[ sql ] [ SQL ] SELECT * FROM `sfox_debris` [ RunTime:0.000412s ]
