---------------------------------------------------------------
[ 2019-07-13T20:58:33+08:00 ] 127.0.0.1 GET starcms.com/
[运行时间：1.095860s] [吞吐率：0.91req/s] [内存消耗：2,978.84kb] [文件加载：51]
[ info ] [ LANG ] D:\Apache24\htdocs\starcms\thinkphp\lang\zh-cn.php
[ info ] [ ROUTE ] array (
  'type' => 'module',
  'module' => 
  array (
    0 => '',
    1 => NULL,
    2 => NULL,
  ),
)
[ info ] [ HEADER ] array (
  'host' => 'starcms.com',
  'connection' => 'keep-alive',
  'upgrade-insecure-requests' => '1',
  'user-agent' => 'Mozilla/5.0 (Windows NT 6.1; WOW64) AppleWebKit/537.36 (KHTML, like Gecko) Chrome/63.0.3239.132 Safari/537.36',
  'accept' => 'text/html,application/xhtml+xml,application/xml;q=0.9,image/webp,image/apng,*/*;q=0.8',
  'accept-encoding' => 'gzip, deflate',
  'accept-language' => 'zh-CN,zh;q=0.9',
)
[ info ] [ PARAM ] array (
)
[ info ] [ DB ] INIT mysql
[ info ] [ RUN ] app\index\controller\Index->index[ D:\Apache24\htdocs\starcms\application\index\controller\Index.php ]
[ info ] [ LOG ] INIT File
[ sql ] [ DB ] CONNECT:[ UseTime:0.057004s ] mysql:host=127.0.0.1;dbname=studyfoxcms;charset=utf8
[ sql ] [ SQL ] SHOW COLUMNS FROM `sfox_config` [ RunTime:0.122007s ]
[ sql ] [ SQL ] SELECT `varname`,`value` FROM `sfox_config` [ RunTime:0.014001s ]
[ sql ] [ SQL ] SHOW COLUMNS FROM `sfox_category` [ RunTime:0.043003s ]
[ sql ] [ SQL ] SELECT * FROM `sfox_category` ORDER BY `listorder` [ RunTime:0.020001s ]
[ sql ] [ SQL ] SHOW COLUMNS FROM `sfox_debris` [ RunTime:0.089802s ]
[ sql ] [ SQL ] SELECT * FROM `sfox_debris` [ RunTime:0.012001s ]
---------------------------------------------------------------
[ 2019-07-13T20:58:42+08:00 ] 127.0.0.1 GET starcms.com/index.php/admin
[运行时间：0.196011s] [吞吐率：5.10req/s] [内存消耗：2,042.30kb] [文件加载：49]
[ info ] [ LANG ] D:\Apache24\htdocs\starcms\thinkphp\lang\zh-cn.php
[ info ] [ ROUTE ] array (
  'type' => 'module',
  'module' => 
  array (
    0 => 'admin',
    1 => NULL,
    2 => NULL,
  ),
)
[ info ] [ HEADER ] array (
  'host' => 'starcms.com',
  'connection' => 'keep-alive',
  'upgrade-insecure-requests' => '1',
  'user-agent' => 'Mozilla/5.0 (Windows NT 6.1; WOW64) AppleWebKit/537.36 (KHTML, like Gecko) Chrome/63.0.3239.132 Safari/537.36',
  'accept' => 'text/html,application/xhtml+xml,application/xml;q=0.9,image/webp,image/apng,*/*;q=0.8',
  'accept-encoding' => 'gzip, deflate',
  'accept-language' => 'zh-CN,zh;q=0.9',
)
[ info ] [ PARAM ] array (
)
[ info ] [ SESSION ] INIT array (
  'id' => '',
  'var_session_id' => '',
  'prefix' => 'think',
  'type' => '',
  'auto_start' => true,
)
[ info ] [ LOG ] INIT File
[ error ] [8]未定义变量: fieldinfo[D:\Apache24\htdocs\starcms\application\admin\common.php:2]
[ error ] [8]未定义变量: setting[D:\Apache24\htdocs\starcms\application\admin\common.php:2]
---------------------------------------------------------------
[ 2019-07-13T20:58:43+08:00 ] 127.0.0.1 GET starcms.com/index.php/admin/login/index.html
[运行时间：0.180402s] [吞吐率：5.54req/s] [内存消耗：2,041.30kb] [文件加载：48]
[ info ] [ LANG ] D:\Apache24\htdocs\starcms\thinkphp\lang\zh-cn.php
[ info ] [ ROUTE ] array (
  'type' => 'module',
  'module' => 
  array (
    0 => 'admin',
    1 => 'login',
    2 => 'index',
  ),
)
[ info ] [ HEADER ] array (
  'accept' => 'text/html, application/xhtml+xml, */*',
  'accept-language' => 'zh-CN',
  'user-agent' => 'Mozilla/5.0 (compatible; MSIE 10.0; Windows NT 6.1; WOW64; Trident/6.0)',
  'accept-encoding' => 'gzip, deflate',
  'host' => 'starcms.com',
  'dnt' => '1',
  'connection' => 'Keep-Alive',
  'cookie' => 'PHPSESSID=89hh5pm7o1or325f552ck8bsa9',
)
[ info ] [ PARAM ] array (
)
[ info ] [ RUN ] app\admin\controller\Login->index[ D:\Apache24\htdocs\starcms\application\admin\controller\Login.php ]
[ info ] [ VIEW ] D:\Apache24\htdocs\starcms./application/admin\view\login\index.html [ array (
) ]
[ info ] [ LOG ] INIT File
[ error ] [8]未定义变量: fieldinfo[D:\Apache24\htdocs\starcms\application\admin\common.php:2]
[ error ] [8]未定义变量: setting[D:\Apache24\htdocs\starcms\application\admin\common.php:2]
---------------------------------------------------------------
[ 2019-07-13T20:58:44+08:00 ] 127.0.0.1 GET starcms.com/index.php/admin/login/favicon.ico
[运行时间：0.153008s] [吞吐率：6.54req/s] [内存消耗：1,992.88kb] [文件加载：47]
[ info ] [ LANG ] D:\Apache24\htdocs\starcms\thinkphp\lang\zh-cn.php
[ info ] [ ROUTE ] array (
  'type' => 'module',
  'module' => 
  array (
    0 => 'admin',
    1 => 'login',
    2 => 'favicon.ico',
  ),
)
[ info ] [ HEADER ] array (
  'accept' => '*/*',
  'accept-encoding' => 'gzip, deflate',
  'user-agent' => 'Mozilla/5.0 (compatible; MSIE 10.0; Windows NT 6.1; WOW64; Trident/6.0)',
  'host' => 'starcms.com',
  'dnt' => '1',
  'connection' => 'Keep-Alive',
  'cookie' => 'PHPSESSID=89hh5pm7o1or325f552ck8bsa9',
)
[ info ] [ PARAM ] array (
)
[ info ] [ LOG ] INIT File
[ error ] [8]未定义变量: fieldinfo[D:\Apache24\htdocs\starcms\application\admin\common.php:2]
[ error ] [8]未定义变量: setting[D:\Apache24\htdocs\starcms\application\admin\common.php:2]
---------------------------------------------------------------
[ 2019-07-13T20:58:53+08:00 ] 127.0.0.1 POST starcms.com/index.php/admin/login/index.html
[运行时间：0.187200s] [吞吐率：5.34req/s] [内存消耗：2,837.71kb] [文件加载：54]
[ info ] [ LANG ] D:\Apache24\htdocs\starcms\thinkphp\lang\zh-cn.php
[ info ] [ ROUTE ] array (
  'type' => 'module',
  'module' => 
  array (
    0 => 'admin',
    1 => 'login',
    2 => 'index',
  ),
)
[ info ] [ HEADER ] array (
  'accept' => 'application/json, text/javascript, */*; q=0.01',
  'content-type' => 'application/x-www-form-urlencoded; charset=UTF-8',
  'x-requested-with' => 'XMLHttpRequest',
  'referer' => 'http://starcms.com/index.php/admin/login/index.html',
  'accept-language' => 'zh-CN',
  'accept-encoding' => 'gzip, deflate',
  'user-agent' => 'Mozilla/5.0 (compatible; MSIE 10.0; Windows NT 6.1; WOW64; Trident/6.0)',
  'host' => 'starcms.com',
  'content-length' => '29',
  'dnt' => '1',
  'connection' => 'Keep-Alive',
  'cache-control' => 'no-cache',
  'cookie' => 'PHPSESSID=89hh5pm7o1or325f552ck8bsa9',
)
[ info ] [ PARAM ] array (
  'username' => 'admin',
  'password' => 'admin',
)
[ info ] [ RUN ] app\admin\controller\Login->index[ D:\Apache24\htdocs\starcms\application\admin\controller\Login.php ]
[ info ] [ DB ] INIT mysql
[ info ] [ SESSION ] INIT array (
  'id' => '',
  'var_session_id' => '',
  'prefix' => 'think',
  'type' => '',
  'auto_start' => true,
)
[ info ] [ LOG ] INIT File
[ error ] [8]未定义变量: fieldinfo[D:\Apache24\htdocs\starcms\application\admin\common.php:2]
[ error ] [8]未定义变量: setting[D:\Apache24\htdocs\starcms\application\admin\common.php:2]
[ sql ] [ DB ] CONNECT:[ UseTime:0.000000s ] mysql:host=127.0.0.1;dbname=studyfoxcms;charset=utf8
[ sql ] [ SQL ] SHOW COLUMNS FROM `sfox_user` [ RunTime:0.062400s ]
[ sql ] [ SQL ] SELECT * FROM `sfox_user` WHERE  `username` = 'admin' LIMIT 1 [ RunTime:0.046800s ]
---------------------------------------------------------------
[ 2019-07-13T20:58:54+08:00 ] 127.0.0.1 GET starcms.com/index.php/admin/index/index.html
[运行时间：0.446202s] [吞吐率：2.24req/s] [内存消耗：3,105.95kb] [文件加载：58]
[ info ] [ LANG ] D:\Apache24\htdocs\starcms\thinkphp\lang\zh-cn.php
[ info ] [ ROUTE ] array (
  'type' => 'module',
  'module' => 
  array (
    0 => 'admin',
    1 => 'index',
    2 => 'index',
  ),
)
[ info ] [ HEADER ] array (
  'accept' => 'text/html, application/xhtml+xml, */*',
  'referer' => 'http://starcms.com/index.php/admin/login/index.html',
  'accept-language' => 'zh-CN',
  'user-agent' => 'Mozilla/5.0 (compatible; MSIE 10.0; Windows NT 6.1; WOW64; Trident/6.0)',
  'accept-encoding' => 'gzip, deflate',
  'host' => 'starcms.com',
  'dnt' => '1',
  'connection' => 'Keep-Alive',
  'cookie' => 'PHPSESSID=89hh5pm7o1or325f552ck8bsa9',
)
[ info ] [ PARAM ] array (
)
[ info ] [ SESSION ] INIT array (
  'id' => '',
  'var_session_id' => '',
  'prefix' => 'think',
  'type' => '',
  'auto_start' => true,
)
[ info ] [ RUN ] app\admin\controller\Index->index[ D:\Apache24\htdocs\starcms\application\admin\controller\Index.php ]
[ info ] [ DB ] INIT mysql
[ info ] [ VIEW ] D:\Apache24\htdocs\starcms./application/admin\view\index\index.html [ array (
  0 => 'menu',
) ]
[ info ] [ LOG ] INIT File
[ error ] [8]未定义变量: fieldinfo[D:\Apache24\htdocs\starcms\application\admin\common.php:2]
[ error ] [8]未定义变量: setting[D:\Apache24\htdocs\starcms\application\admin\common.php:2]
[ error ] [2]Use of undefined constant voson - assumed 'voson' (this will throw an Error in a future version of PHP)[D:\Apache24\htdocs\starcms\runtime\temp\fa06659f5ed1f54065ae7ec32e291319.php:67]
[ sql ] [ DB ] CONNECT:[ UseTime:0.000000s ] mysql:host=127.0.0.1;dbname=studyfoxcms;charset=utf8
[ sql ] [ SQL ] SHOW COLUMNS FROM `sfox_menu` [ RunTime:0.318401s ]
[ sql ] [ SQL ] SELECT * FROM `sfox_menu` ORDER BY `listorder` [ RunTime:0.031200s ]
---------------------------------------------------------------
[ 2019-07-13T21:00:48+08:00 ] 127.0.0.1 GET starcms.com/index.php/admin/index/index.html
[运行时间：0.137008s] [吞吐率：7.30req/s] [内存消耗：3,367.72kb] [文件加载：60]
[ info ] [ LANG ] D:\Apache24\htdocs\starcms\thinkphp\lang\zh-cn.php
[ info ] [ ROUTE ] array (
  'type' => 'module',
  'module' => 
  array (
    0 => 'admin',
    1 => 'index',
    2 => 'index',
  ),
)
[ info ] [ HEADER ] array (
  'accept' => 'text/html, application/xhtml+xml, */*',
  'accept-language' => 'zh-CN',
  'user-agent' => 'Mozilla/5.0 (compatible; MSIE 10.0; Windows NT 6.1; WOW64; Trident/6.0)',
  'accept-encoding' => 'gzip, deflate',
  'host' => 'starcms.com',
  'dnt' => '1',
  'connection' => 'Keep-Alive',
  'cookie' => 'PHPSESSID=89hh5pm7o1or325f552ck8bsa9',
)
[ info ] [ PARAM ] array (
)
[ info ] [ SESSION ] INIT array (
  'id' => '',
  'var_session_id' => '',
  'prefix' => 'think',
  'type' => '',
  'auto_start' => true,
)
[ info ] [ RUN ] app\admin\controller\Index->index[ D:\Apache24\htdocs\starcms\application\admin\controller\Index.php ]
[ info ] [ DB ] INIT mysql
[ info ] [ VIEW ] D:\Apache24\htdocs\starcms./application/admin\view\index\index.html [ array (
  0 => 'menu',
) ]
[ info ] [ LOG ] INIT File
[ error ] [8]未定义变量: fieldinfo[D:\Apache24\htdocs\starcms\application\admin\common.php:2]
[ error ] [8]未定义变量: setting[D:\Apache24\htdocs\starcms\application\admin\common.php:2]
[ error ] [2]Use of undefined constant voson - assumed 'voson' (this will throw an Error in a future version of PHP)[D:\Apache24\htdocs\starcms\runtime\temp\fa06659f5ed1f54065ae7ec32e291319.php:67]
[ sql ] [ DB ] CONNECT:[ UseTime:0.012001s ] mysql:host=127.0.0.1;dbname=studyfoxcms;charset=utf8
[ sql ] [ SQL ] SHOW COLUMNS FROM `sfox_menu` [ RunTime:0.010000s ]
[ sql ] [ SQL ] SELECT * FROM `sfox_menu` ORDER BY `listorder` [ RunTime:0.000000s ]
---------------------------------------------------------------
[ 2019-07-13T21:01:15+08:00 ] 127.0.0.1 GET starcms.com/index.php/admin/index/index.html
[运行时间：0.109006s] [吞吐率：9.17req/s] [内存消耗：3,435.54kb] [文件加载：60]
[ info ] [ LANG ] D:\Apache24\htdocs\starcms\thinkphp\lang\zh-cn.php
[ info ] [ ROUTE ] array (
  'type' => 'module',
  'module' => 
  array (
    0 => 'admin',
    1 => 'index',
    2 => 'index',
  ),
)
[ info ] [ HEADER ] array (
  'accept' => 'text/html, application/xhtml+xml, */*',
  'accept-language' => 'zh-CN',
  'user-agent' => 'Mozilla/5.0 (compatible; MSIE 10.0; Windows NT 6.1; WOW64; Trident/6.0)',
  'accept-encoding' => 'gzip, deflate',
  'host' => 'starcms.com',
  'dnt' => '1',
  'connection' => 'Keep-Alive',
  'cookie' => 'PHPSESSID=89hh5pm7o1or325f552ck8bsa9',
)
[ info ] [ PARAM ] array (
)
[ info ] [ SESSION ] INIT array (
  'id' => '',
  'var_session_id' => '',
  'prefix' => 'think',
  'type' => '',
  'auto_start' => true,
)
[ info ] [ RUN ] app\admin\controller\Index->index[ D:\Apache24\htdocs\starcms\application\admin\controller\Index.php ]
[ info ] [ DB ] INIT mysql
[ info ] [ VIEW ] D:\Apache24\htdocs\starcms./application/admin\view\index\index.html [ array (
  0 => 'menu',
) ]
[ info ] [ LOG ] INIT File
[ error ] [8]未定义变量: fieldinfo[D:\Apache24\htdocs\starcms\application\admin\common.php:2]
[ error ] [8]未定义变量: setting[D:\Apache24\htdocs\starcms\application\admin\common.php:2]
[ error ] [8]未定义数组索引: son[D:\Apache24\htdocs\starcms\runtime\temp\fa06659f5ed1f54065ae7ec32e291319.php:65]
[ error ] [8]未定义数组索引: son[D:\Apache24\htdocs\starcms\runtime\temp\fa06659f5ed1f54065ae7ec32e291319.php:65]
[ error ] [8]未定义数组索引: son[D:\Apache24\htdocs\starcms\runtime\temp\fa06659f5ed1f54065ae7ec32e291319.php:65]
[ sql ] [ DB ] CONNECT:[ UseTime:0.002000s ] mysql:host=127.0.0.1;dbname=studyfoxcms;charset=utf8
[ sql ] [ SQL ] SHOW COLUMNS FROM `sfox_menu` [ RunTime:0.011000s ]
[ sql ] [ SQL ] SELECT * FROM `sfox_menu` ORDER BY `listorder` [ RunTime:0.001000s ]
---------------------------------------------------------------
[ 2019-07-13T21:01:15+08:00 ] 127.0.0.1 GET starcms.com/index.php/admin/index/content.html
[运行时间：0.137007s] [吞吐率：7.30req/s] [内存消耗：2,003.07kb] [文件加载：48]
[ info ] [ LANG ] D:\Apache24\htdocs\starcms\thinkphp\lang\zh-cn.php
[ info ] [ ROUTE ] array (
  'type' => 'module',
  'module' => 
  array (
    0 => 'admin',
    1 => 'index',
    2 => 'content',
  ),
)
[ info ] [ HEADER ] array (
  'accept' => 'text/html, application/xhtml+xml, */*',
  'referer' => 'http://starcms.com/index.php/admin/index/index.html',
  'accept-language' => 'zh-CN',
  'user-agent' => 'Mozilla/5.0 (compatible; MSIE 10.0; Windows NT 6.1; WOW64; Trident/6.0)',
  'accept-encoding' => 'gzip, deflate',
  'host' => 'starcms.com',
  'dnt' => '1',
  'connection' => 'Keep-Alive',
  'cookie' => 'PHPSESSID=89hh5pm7o1or325f552ck8bsa9',
)
[ info ] [ PARAM ] array (
)
[ info ] [ SESSION ] INIT array (
  'id' => '',
  'var_session_id' => '',
  'prefix' => 'think',
  'type' => '',
  'auto_start' => true,
)
[ info ] [ RUN ] app\admin\controller\Index->content[ D:\Apache24\htdocs\starcms\application\admin\controller\Index.php ]
[ info ] [ VIEW ] D:\Apache24\htdocs\starcms./application/admin\view\index\content.html [ array (
) ]
[ info ] [ LOG ] INIT File
[ error ] [8]未定义变量: fieldinfo[D:\Apache24\htdocs\starcms\application\admin\common.php:2]
[ error ] [8]未定义变量: setting[D:\Apache24\htdocs\starcms\application\admin\common.php:2]
---------------------------------------------------------------
[ 2019-07-13T21:01:16+08:00 ] 127.0.0.1 GET starcms.com/index.php/admin/index/favicon.ico
[运行时间：0.058003s] [吞吐率：17.24req/s] [内存消耗：1,995.32kb] [文件加载：48]
[ info ] [ LANG ] D:\Apache24\htdocs\starcms\thinkphp\lang\zh-cn.php
[ info ] [ ROUTE ] array (
  'type' => 'module',
  'module' => 
  array (
    0 => 'admin',
    1 => 'index',
    2 => 'favicon.ico',
  ),
)
[ info ] [ HEADER ] array (
  'accept' => '*/*',
  'accept-encoding' => 'gzip, deflate',
  'user-agent' => 'Mozilla/5.0 (compatible; MSIE 10.0; Windows NT 6.1; WOW64; Trident/6.0)',
  'host' => 'starcms.com',
  'dnt' => '1',
  'connection' => 'Keep-Alive',
  'cookie' => 'PHPSESSID=89hh5pm7o1or325f552ck8bsa9',
)
[ info ] [ PARAM ] array (
)
[ info ] [ SESSION ] INIT array (
  'id' => '',
  'var_session_id' => '',
  'prefix' => 'think',
  'type' => '',
  'auto_start' => true,
)
[ info ] [ LOG ] INIT File
[ error ] [8]未定义变量: fieldinfo[D:\Apache24\htdocs\starcms\application\admin\common.php:2]
[ error ] [8]未定义变量: setting[D:\Apache24\htdocs\starcms\application\admin\common.php:2]
---------------------------------------------------------------
[ 2019-07-13T21:01:16+08:00 ] 127.0.0.1 GET starcms.com/index.php/admin/index/index.html
[运行时间：0.099005s] [吞吐率：10.10req/s] [内存消耗：3,169.71kb] [文件加载：58]
[ info ] [ LANG ] D:\Apache24\htdocs\starcms\thinkphp\lang\zh-cn.php
[ info ] [ ROUTE ] array (
  'type' => 'module',
  'module' => 
  array (
    0 => 'admin',
    1 => 'index',
    2 => 'index',
  ),
)
[ info ] [ HEADER ] array (
  'host' => 'starcms.com',
  'connection' => 'keep-alive',
  'upgrade-insecure-requests' => '1',
  'user-agent' => 'Mozilla/5.0 (Windows NT 6.1; WOW64) AppleWebKit/537.36 (KHTML, like Gecko) Chrome/63.0.3239.132 Safari/537.36',
  'accept' => 'text/html,application/xhtml+xml,application/xml;q=0.9,image/webp,image/apng,*/*;q=0.8',
  'accept-encoding' => 'gzip, deflate',
  'accept-language' => 'zh-CN,zh;q=0.9',
  'cookie' => 'PHPSESSID=89hh5pm7o1or325f552ck8bsa9',
)
[ info ] [ PARAM ] array (
)
[ info ] [ SESSION ] INIT array (
  'id' => '',
  'var_session_id' => '',
  'prefix' => 'think',
  'type' => '',
  'auto_start' => true,
)
[ info ] [ RUN ] app\admin\controller\Index->index[ D:\Apache24\htdocs\starcms\application\admin\controller\Index.php ]
[ info ] [ DB ] INIT mysql
[ info ] [ VIEW ] D:\Apache24\htdocs\starcms./application/admin\view\index\index.html [ array (
  0 => 'menu',
) ]
[ info ] [ LOG ] INIT File
[ error ] [8]未定义变量: fieldinfo[D:\Apache24\htdocs\starcms\application\admin\common.php:2]
[ error ] [8]未定义变量: setting[D:\Apache24\htdocs\starcms\application\admin\common.php:2]
[ error ] [8]未定义数组索引: son[D:\Apache24\htdocs\starcms\runtime\temp\fa06659f5ed1f54065ae7ec32e291319.php:65]
[ error ] [8]未定义数组索引: son[D:\Apache24\htdocs\starcms\runtime\temp\fa06659f5ed1f54065ae7ec32e291319.php:65]
[ error ] [8]未定义数组索引: son[D:\Apache24\htdocs\starcms\runtime\temp\fa06659f5ed1f54065ae7ec32e291319.php:65]
[ sql ] [ DB ] CONNECT:[ UseTime:0.002000s ] mysql:host=127.0.0.1;dbname=studyfoxcms;charset=utf8
[ sql ] [ SQL ] SHOW COLUMNS FROM `sfox_menu` [ RunTime:0.008000s ]
[ sql ] [ SQL ] SELECT * FROM `sfox_menu` ORDER BY `listorder` [ RunTime:0.001001s ]
---------------------------------------------------------------
[ 2019-07-13T21:01:16+08:00 ] 127.0.0.1 GET starcms.com/index.php/admin/index/content.html
[运行时间：0.074004s] [吞吐率：13.51req/s] [内存消耗：2,003.71kb] [文件加载：48]
[ info ] [ LANG ] D:\Apache24\htdocs\starcms\thinkphp\lang\zh-cn.php
[ info ] [ ROUTE ] array (
  'type' => 'module',
  'module' => 
  array (
    0 => 'admin',
    1 => 'index',
    2 => 'content',
  ),
)
[ info ] [ HEADER ] array (
  'host' => 'starcms.com',
  'connection' => 'keep-alive',
  'upgrade-insecure-requests' => '1',
  'user-agent' => 'Mozilla/5.0 (Windows NT 6.1; WOW64) AppleWebKit/537.36 (KHTML, like Gecko) Chrome/63.0.3239.132 Safari/537.36',
  'accept' => 'text/html,application/xhtml+xml,application/xml;q=0.9,image/webp,image/apng,*/*;q=0.8',
  'referer' => 'http://starcms.com/index.php/admin/index/index.html',
  'accept-encoding' => 'gzip, deflate',
  'accept-language' => 'zh-CN,zh;q=0.9',
  'cookie' => 'PHPSESSID=89hh5pm7o1or325f552ck8bsa9',
)
[ info ] [ PARAM ] array (
)
[ info ] [ SESSION ] INIT array (
  'id' => '',
  'var_session_id' => '',
  'prefix' => 'think',
  'type' => '',
  'auto_start' => true,
)
[ info ] [ RUN ] app\admin\controller\Index->content[ D:\Apache24\htdocs\starcms\application\admin\controller\Index.php ]
[ info ] [ VIEW ] D:\Apache24\htdocs\starcms./application/admin\view\index\content.html [ array (
) ]
[ info ] [ LOG ] INIT File
[ error ] [8]未定义变量: fieldinfo[D:\Apache24\htdocs\starcms\application\admin\common.php:2]
[ error ] [8]未定义变量: setting[D:\Apache24\htdocs\starcms\application\admin\common.php:2]
---------------------------------------------------------------
[ 2019-07-13T21:01:17+08:00 ] 127.0.0.1 GET starcms.com/index.php/admin/index/favicon.ico
[运行时间：0.062003s] [吞吐率：16.13req/s] [内存消耗：1,996.36kb] [文件加载：48]
[ info ] [ LANG ] D:\Apache24\htdocs\starcms\thinkphp\lang\zh-cn.php
[ info ] [ ROUTE ] array (
  'type' => 'module',
  'module' => 
  array (
    0 => 'admin',
    1 => 'index',
    2 => 'favicon.ico',
  ),
)
[ info ] [ HEADER ] array (
  'host' => 'starcms.com',
  'connection' => 'keep-alive',
  'user-agent' => 'Mozilla/5.0 (Windows NT 6.1; WOW64) AppleWebKit/537.36 (KHTML, like Gecko) Chrome/63.0.3239.132 Safari/537.36',
  'accept' => 'image/webp,image/apng,image/*,*/*;q=0.8',
  'referer' => 'http://starcms.com/index.php/admin/index/index.html',
  'accept-encoding' => 'gzip, deflate',
  'accept-language' => 'zh-CN,zh;q=0.9',
  'cookie' => 'PHPSESSID=89hh5pm7o1or325f552ck8bsa9',
)
[ info ] [ PARAM ] array (
)
[ info ] [ SESSION ] INIT array (
  'id' => '',
  'var_session_id' => '',
  'prefix' => 'think',
  'type' => '',
  'auto_start' => true,
)
[ info ] [ LOG ] INIT File
[ error ] [8]未定义变量: fieldinfo[D:\Apache24\htdocs\starcms\application\admin\common.php:2]
[ error ] [8]未定义变量: setting[D:\Apache24\htdocs\starcms\application\admin\common.php:2]
---------------------------------------------------------------
[ 2019-07-13T21:01:22+08:00 ] 127.0.0.1 GET starcms.com/index.php/admin/menu/index.html
[运行时间：0.194611s] [吞吐率：5.14req/s] [内存消耗：3,399.31kb] [文件加载：61]
[ info ] [ LANG ] D:\Apache24\htdocs\starcms\thinkphp\lang\zh-cn.php
[ info ] [ ROUTE ] array (
  'type' => 'module',
  'module' => 
  array (
    0 => 'admin',
    1 => 'menu',
    2 => 'index',
  ),
)
[ info ] [ HEADER ] array (
  'host' => 'starcms.com',
  'connection' => 'keep-alive',
  'upgrade-insecure-requests' => '1',
  'user-agent' => 'Mozilla/5.0 (Windows NT 6.1; WOW64) AppleWebKit/537.36 (KHTML, like Gecko) Chrome/63.0.3239.132 Safari/537.36',
  'accept' => 'text/html,application/xhtml+xml,application/xml;q=0.9,image/webp,image/apng,*/*;q=0.8',
  'referer' => 'http://starcms.com/index.php/admin/index/index.html',
  'accept-encoding' => 'gzip, deflate',
  'accept-language' => 'zh-CN,zh;q=0.9',
  'cookie' => 'PHPSESSID=89hh5pm7o1or325f552ck8bsa9',
)
[ info ] [ PARAM ] array (
)
[ info ] [ SESSION ] INIT array (
  'id' => '',
  'var_session_id' => '',
  'prefix' => 'think',
  'type' => '',
  'auto_start' => true,
)
[ info ] [ RUN ] app\admin\controller\Menu->index[ D:\Apache24\htdocs\starcms\application\admin\controller\Menu.php ]
[ info ] [ DB ] INIT mysql
[ info ] [ VIEW ] D:\Apache24\htdocs\starcms./application/admin\view\menu\index.html [ array (
  0 => 'menu',
) ]
[ info ] [ LOG ] INIT File
[ error ] [8]未定义变量: fieldinfo[D:\Apache24\htdocs\starcms\application\admin\common.php:2]
[ error ] [8]未定义变量: setting[D:\Apache24\htdocs\starcms\application\admin\common.php:2]
[ error ] [8]Array to string conversion[D:\Apache24\htdocs\starcms\extend\util\Tree.php:229]
[ error ] [8]Array to string conversion[D:\Apache24\htdocs\starcms\extend\util\Tree.php:229]
[ error ] [8]Array to string conversion[D:\Apache24\htdocs\starcms\extend\util\Tree.php:229]
[ error ] [8]Array to string conversion[D:\Apache24\htdocs\starcms\extend\util\Tree.php:229]
[ error ] [8]Array to string conversion[D:\Apache24\htdocs\starcms\extend\util\Tree.php:229]
[ error ] [8]Array to string conversion[D:\Apache24\htdocs\starcms\extend\util\Tree.php:229]
[ error ] [8]Array to string conversion[D:\Apache24\htdocs\starcms\extend\util\Tree.php:229]
[ error ] [8]Array to string conversion[D:\Apache24\htdocs\starcms\extend\util\Tree.php:229]
[ error ] [8]Array to string conversion[D:\Apache24\htdocs\starcms\extend\util\Tree.php:229]
[ error ] [8]Array to string conversion[D:\Apache24\htdocs\starcms\extend\util\Tree.php:229]
[ error ] [8]Array to string conversion[D:\Apache24\htdocs\starcms\extend\util\Tree.php:229]
[ error ] [8]Array to string conversion[D:\Apache24\htdocs\starcms\extend\util\Tree.php:229]
[ error ] [8]Array to string conversion[D:\Apache24\htdocs\starcms\extend\util\Tree.php:229]
[ error ] [8]Array to string conversion[D:\Apache24\htdocs\starcms\extend\util\Tree.php:229]
[ error ] [8]Array to string conversion[D:\Apache24\htdocs\starcms\extend\util\Tree.php:229]
[ error ] [8]Array to string conversion[D:\Apache24\htdocs\starcms\extend\util\Tree.php:229]
[ error ] [8]Array to string conversion[D:\Apache24\htdocs\starcms\extend\util\Tree.php:229]
[ error ] [8]Array to string conversion[D:\Apache24\htdocs\starcms\extend\util\Tree.php:229]
[ error ] [8]Array to string conversion[D:\Apache24\htdocs\starcms\extend\util\Tree.php:229]
[ sql ] [ DB ] CONNECT:[ UseTime:0.010000s ] mysql:host=127.0.0.1;dbname=studyfoxcms;charset=utf8
[ sql ] [ SQL ] SHOW COLUMNS FROM `sfox_menu` [ RunTime:0.009001s ]
[ sql ] [ SQL ] SELECT * FROM `sfox_menu` ORDER BY `listorder` [ RunTime:0.000000s ]
---------------------------------------------------------------
[ 2019-07-13T21:02:00+08:00 ] 127.0.0.1 GET starcms.com/index.php/admin/config/index.html
[运行时间：0.165609s] [吞吐率：6.04req/s] [内存消耗：3,156.50kb] [文件加载：58]
[ info ] [ LANG ] D:\Apache24\htdocs\starcms\thinkphp\lang\zh-cn.php
[ info ] [ ROUTE ] array (
  'type' => 'module',
  'module' => 
  array (
    0 => 'admin',
    1 => 'config',
    2 => 'index',
  ),
)
[ info ] [ HEADER ] array (
  'host' => 'starcms.com',
  'connection' => 'keep-alive',
  'upgrade-insecure-requests' => '1',
  'user-agent' => 'Mozilla/5.0 (Windows NT 6.1; WOW64) AppleWebKit/537.36 (KHTML, like Gecko) Chrome/63.0.3239.132 Safari/537.36',
  'accept' => 'text/html,application/xhtml+xml,application/xml;q=0.9,image/webp,image/apng,*/*;q=0.8',
  'referer' => 'http://starcms.com/index.php/admin/index/index.html',
  'accept-encoding' => 'gzip, deflate',
  'accept-language' => 'zh-CN,zh;q=0.9',
  'cookie' => 'PHPSESSID=89hh5pm7o1or325f552ck8bsa9',
)
[ info ] [ PARAM ] array (
)
[ info ] [ SESSION ] INIT array (
  'id' => '',
  'var_session_id' => '',
  'prefix' => 'think',
  'type' => '',
  'auto_start' => true,
)
[ info ] [ RUN ] app\admin\controller\Config->index[ D:\Apache24\htdocs\starcms\application\admin\controller\Config.php ]
[ info ] [ DB ] INIT mysql
[ info ] [ VIEW ] D:\Apache24\htdocs\starcms./application/admin\view\config\index.html [ array (
  0 => 'filename',
  1 => 'mail',
  2 => 'configlist',
) ]
[ info ] [ LOG ] INIT File
[ error ] [8]未定义变量: fieldinfo[D:\Apache24\htdocs\starcms\application\admin\common.php:2]
[ error ] [8]未定义变量: setting[D:\Apache24\htdocs\starcms\application\admin\common.php:2]
[ error ] [8]未定义变量: qiniu[D:\Apache24\htdocs\starcms\runtime\temp\6c171ac35aaa0c909aef4bb4b9f64c98.php:376]
[ error ] [8]未定义变量: qiniu[D:\Apache24\htdocs\starcms\runtime\temp\6c171ac35aaa0c909aef4bb4b9f64c98.php:379]
[ error ] [8]未定义变量: qiniu[D:\Apache24\htdocs\starcms\runtime\temp\6c171ac35aaa0c909aef4bb4b9f64c98.php:387]
[ error ] [8]未定义变量: qiniu[D:\Apache24\htdocs\starcms\runtime\temp\6c171ac35aaa0c909aef4bb4b9f64c98.php:394]
[ error ] [8]未定义变量: qiniu[D:\Apache24\htdocs\starcms\runtime\temp\6c171ac35aaa0c909aef4bb4b9f64c98.php:401]
[ error ] [8]未定义变量: qiniu[D:\Apache24\htdocs\starcms\runtime\temp\6c171ac35aaa0c909aef4bb4b9f64c98.php:408]
[ sql ] [ DB ] CONNECT:[ UseTime:0.001000s ] mysql:host=127.0.0.1;dbname=studyfoxcms;charset=utf8
[ sql ] [ SQL ] SHOW COLUMNS FROM `sfox_config` [ RunTime:0.007000s ]
[ sql ] [ SQL ] SELECT `varname`,`value` FROM `sfox_config` [ RunTime:0.001000s ]
[ sql ] [ SQL ] SHOW COLUMNS FROM `sfox_options` [ RunTime:0.026002s ]
[ sql ] [ SQL ] SELECT `option_val` FROM `sfox_options` WHERE  `id` = 1 LIMIT 1 [ RunTime:0.011000s ]
---------------------------------------------------------------
[ 2019-07-13T21:02:02+08:00 ] 127.0.0.1 GET starcms.com/index.php/admin/staticpage/index.html
[运行时间：0.129607s] [吞吐率：7.72req/s] [内存消耗：2,204.63kb] [文件加载：51]
[ info ] [ LANG ] D:\Apache24\htdocs\starcms\thinkphp\lang\zh-cn.php
[ info ] [ ROUTE ] array (
  'type' => 'module',
  'module' => 
  array (
    0 => 'admin',
    1 => 'staticpage',
    2 => 'index',
  ),
)
[ info ] [ HEADER ] array (
  'host' => 'starcms.com',
  'connection' => 'keep-alive',
  'upgrade-insecure-requests' => '1',
  'user-agent' => 'Mozilla/5.0 (Windows NT 6.1; WOW64) AppleWebKit/537.36 (KHTML, like Gecko) Chrome/63.0.3239.132 Safari/537.36',
  'accept' => 'text/html,application/xhtml+xml,application/xml;q=0.9,image/webp,image/apng,*/*;q=0.8',
  'referer' => 'http://starcms.com/index.php/admin/index/index.html',
  'accept-encoding' => 'gzip, deflate',
  'accept-language' => 'zh-CN,zh;q=0.9',
  'cookie' => 'PHPSESSID=89hh5pm7o1or325f552ck8bsa9',
)
[ info ] [ PARAM ] array (
)
[ info ] [ RUN ] app\admin\controller\Staticpage->index[ D:\Apache24\htdocs\starcms\application\admin\controller\Staticpage.php ]
[ info ] [ VIEW ] D:\Apache24\htdocs\starcms./application/admin\view\staticpage\index.html [ array (
) ]
[ info ] [ LOG ] INIT File
[ error ] [8]未定义变量: fieldinfo[D:\Apache24\htdocs\starcms\application\admin\common.php:2]
[ error ] [8]未定义变量: setting[D:\Apache24\htdocs\starcms\application\admin\common.php:2]
---------------------------------------------------------------
[ 2019-07-13T21:02:04+08:00 ] 127.0.0.1 GET starcms.com/index.php/admin/remove/index.html
[运行时间：0.086604s] [吞吐率：11.55req/s] [内存消耗：2,183.06kb] [文件加载：51]
[ info ] [ LANG ] D:\Apache24\htdocs\starcms\thinkphp\lang\zh-cn.php
[ info ] [ ROUTE ] array (
  'type' => 'module',
  'module' => 
  array (
    0 => 'admin',
    1 => 'remove',
    2 => 'index',
  ),
)
[ info ] [ HEADER ] array (
  'host' => 'starcms.com',
  'connection' => 'keep-alive',
  'upgrade-insecure-requests' => '1',
  'user-agent' => 'Mozilla/5.0 (Windows NT 6.1; WOW64) AppleWebKit/537.36 (KHTML, like Gecko) Chrome/63.0.3239.132 Safari/537.36',
  'accept' => 'text/html,application/xhtml+xml,application/xml;q=0.9,image/webp,image/apng,*/*;q=0.8',
  'referer' => 'http://starcms.com/index.php/admin/index/index.html',
  'accept-encoding' => 'gzip, deflate',
  'accept-language' => 'zh-CN,zh;q=0.9',
  'cookie' => 'PHPSESSID=89hh5pm7o1or325f552ck8bsa9',
)
[ info ] [ PARAM ] array (
)
[ info ] [ RUN ] app\admin\controller\Remove->index[ D:\Apache24\htdocs\starcms\application\admin\controller\Remove.php ]
[ info ] [ VIEW ] D:\Apache24\htdocs\starcms./application/admin\view\remove\index.html [ array (
) ]
[ info ] [ LOG ] INIT File
[ error ] [8]未定义变量: fieldinfo[D:\Apache24\htdocs\starcms\application\admin\common.php:2]
[ error ] [8]未定义变量: setting[D:\Apache24\htdocs\starcms\application\admin\common.php:2]
---------------------------------------------------------------
[ 2019-07-13T21:02:08+08:00 ] 127.0.0.1 POST starcms.com/index.php/admin/remove/removecache.html
[运行时间：0.084852s] [吞吐率：11.79req/s] [内存消耗：1,990.87kb] [文件加载：47]
[ info ] [ LANG ] D:\Apache24\htdocs\starcms\thinkphp\lang\zh-cn.php
[ info ] [ ROUTE ] array (
  'type' => 'module',
  'module' => 
  array (
    0 => 'admin',
    1 => 'remove',
    2 => 'removecache',
  ),
)
[ info ] [ HEADER ] array (
  'host' => 'starcms.com',
  'connection' => 'keep-alive',
  'content-length' => '5',
  'accept' => 'application/json, text/javascript, */*; q=0.01',
  'origin' => 'http://starcms.com',
  'x-requested-with' => 'XMLHttpRequest',
  'user-agent' => 'Mozilla/5.0 (Windows NT 6.1; WOW64) AppleWebKit/537.36 (KHTML, like Gecko) Chrome/63.0.3239.132 Safari/537.36',
  'content-type' => 'application/x-www-form-urlencoded; charset=UTF-8',
  'referer' => 'http://starcms.com/index.php/admin/remove/index.html',
  'accept-encoding' => 'gzip, deflate',
  'accept-language' => 'zh-CN,zh;q=0.9',
  'cookie' => 'PHPSESSID=89hh5pm7o1or325f552ck8bsa9',
)
[ info ] [ PARAM ] array (
  'tab' => '1',
)
[ info ] [ RUN ] app\admin\controller\Remove->removeCache[ D:\Apache24\htdocs\starcms\application\admin\controller\Remove.php ]
[ info ] [ LOG ] INIT File
[ error ] [8]未定义变量: fieldinfo[D:\Apache24\htdocs\starcms\application\admin\common.php:2]
[ error ] [8]未定义变量: setting[D:\Apache24\htdocs\starcms\application\admin\common.php:2]
---------------------------------------------------------------
[ 2019-07-13T21:04:17+08:00 ] 127.0.0.1 GET starcms.com/index.php/admin/advclass/index.html
[运行时间：0.143608s] [吞吐率：6.96req/s] [内存消耗：2,999.59kb] [文件加载：58]
[ info ] [ LANG ] D:\Apache24\htdocs\starcms\thinkphp\lang\zh-cn.php
[ info ] [ ROUTE ] array (
  'type' => 'module',
  'module' => 
  array (
    0 => 'admin',
    1 => 'advclass',
    2 => 'index',
  ),
)
[ info ] [ HEADER ] array (
  'host' => 'starcms.com',
  'connection' => 'keep-alive',
  'upgrade-insecure-requests' => '1',
  'user-agent' => 'Mozilla/5.0 (Windows NT 6.1; WOW64) AppleWebKit/537.36 (KHTML, like Gecko) Chrome/63.0.3239.132 Safari/537.36',
  'accept' => 'text/html,application/xhtml+xml,application/xml;q=0.9,image/webp,image/apng,*/*;q=0.8',
  'referer' => 'http://starcms.com/index.php/admin/index/index.html',
  'accept-encoding' => 'gzip, deflate',
  'accept-language' => 'zh-CN,zh;q=0.9',
  'cookie' => 'PHPSESSID=89hh5pm7o1or325f552ck8bsa9',
)
[ info ] [ PARAM ] array (
)
[ info ] [ SESSION ] INIT array (
  'id' => '',
  'var_session_id' => '',
  'prefix' => 'think',
  'type' => '',
  'auto_start' => true,
)
[ info ] [ RUN ] app\admin\controller\Advclass->index[ D:\Apache24\htdocs\starcms\application\admin\controller\Advclass.php ]
[ info ] [ DB ] INIT mysql
[ info ] [ VIEW ] D:\Apache24\htdocs\starcms./application/admin\view\advclass\index.html [ array (
  0 => 'infoList',
) ]
[ info ] [ LOG ] INIT File
[ error ] [8]未定义变量: fieldinfo[D:\Apache24\htdocs\starcms\application\admin\common.php:2]
[ error ] [8]未定义变量: setting[D:\Apache24\htdocs\starcms\application\admin\common.php:2]
[ error ] [8]未定义变量: info[D:\Apache24\htdocs\starcms\runtime\temp\c1f743b3e8fb504bf43c6da4cefc6f68.php:96]
[ error ] [8]未定义变量: info[D:\Apache24\htdocs\starcms\runtime\temp\c1f743b3e8fb504bf43c6da4cefc6f68.php:101]
[ sql ] [ DB ] CONNECT:[ UseTime:0.010000s ] mysql:host=127.0.0.1;dbname=studyfoxcms;charset=utf8
[ sql ] [ SQL ] SHOW COLUMNS FROM `sfox_advclass` [ RunTime:0.039003s ]
[ sql ] [ SQL ] SELECT * FROM `sfox_advclass` ORDER BY `id` [ RunTime:0.000000s ]
---------------------------------------------------------------
[ 2019-07-13T21:04:20+08:00 ] 127.0.0.1 GET starcms.com/index.php/admin/adv/index.html
[运行时间：0.178609s] [吞吐率：5.60req/s] [内存消耗：3,034.30kb] [文件加载：58]
[ info ] [ LANG ] D:\Apache24\htdocs\starcms\thinkphp\lang\zh-cn.php
[ info ] [ ROUTE ] array (
  'type' => 'module',
  'module' => 
  array (
    0 => 'admin',
    1 => 'adv',
    2 => 'index',
  ),
)
[ info ] [ HEADER ] array (
  'host' => 'starcms.com',
  'connection' => 'keep-alive',
  'upgrade-insecure-requests' => '1',
  'user-agent' => 'Mozilla/5.0 (Windows NT 6.1; WOW64) AppleWebKit/537.36 (KHTML, like Gecko) Chrome/63.0.3239.132 Safari/537.36',
  'accept' => 'text/html,application/xhtml+xml,application/xml;q=0.9,image/webp,image/apng,*/*;q=0.8',
  'referer' => 'http://starcms.com/index.php/admin/index/index.html',
  'accept-encoding' => 'gzip, deflate',
  'accept-language' => 'zh-CN,zh;q=0.9',
  'cookie' => 'PHPSESSID=89hh5pm7o1or325f552ck8bsa9',
)
[ info ] [ PARAM ] array (
)
[ info ] [ SESSION ] INIT array (
  'id' => '',
  'var_session_id' => '',
  'prefix' => 'think',
  'type' => '',
  'auto_start' => true,
)
[ info ] [ RUN ] app\admin\controller\Adv->index[ D:\Apache24\htdocs\starcms\application\admin\controller\Adv.php ]
[ info ] [ DB ] INIT mysql
[ info ] [ VIEW ] D:\Apache24\htdocs\starcms./application/admin\view\adv\index.html [ array (
  0 => 'infoList',
  1 => 'category',
) ]
[ info ] [ LOG ] INIT File
[ error ] [8]未定义变量: fieldinfo[D:\Apache24\htdocs\starcms\application\admin\common.php:2]
[ error ] [8]未定义变量: setting[D:\Apache24\htdocs\starcms\application\admin\common.php:2]
[ error ] [8]未定义变量: info[D:\Apache24\htdocs\starcms\runtime\temp\5ffb082647c3e480a7792c66f0fcc46b.php:145]
[ error ] [8]未定义变量: info[D:\Apache24\htdocs\starcms\runtime\temp\5ffb082647c3e480a7792c66f0fcc46b.php:149]
[ error ] [8]未定义变量: info[D:\Apache24\htdocs\starcms\runtime\temp\5ffb082647c3e480a7792c66f0fcc46b.php:161]
[ error ] [8]未定义变量: info[D:\Apache24\htdocs\starcms\runtime\temp\5ffb082647c3e480a7792c66f0fcc46b.php:178]
[ error ] [8]未定义变量: info[D:\Apache24\htdocs\starcms\runtime\temp\5ffb082647c3e480a7792c66f0fcc46b.php:186]
[ error ] [8]未定义变量: info[D:\Apache24\htdocs\starcms\runtime\temp\5ffb082647c3e480a7792c66f0fcc46b.php:192]
[ sql ] [ DB ] CONNECT:[ UseTime:0.001000s ] mysql:host=127.0.0.1;dbname=studyfoxcms;charset=utf8
[ sql ] [ SQL ] SHOW COLUMNS FROM `sfox_advclass` [ RunTime:0.005001s ]
[ sql ] [ SQL ] SELECT * FROM `sfox_advclass` [ RunTime:0.001000s ]
[ sql ] [ SQL ] SHOW COLUMNS FROM `sfox_adv` [ RunTime:0.031002s ]
[ sql ] [ SQL ] SELECT `a`.*,`w`.`title` FROM `sfox_adv` `a` INNER JOIN `sfox_advclass` `w` ON `a`.`catid`=`w`.`id` ORDER BY `listorder`,`id` [ RunTime:0.015000s ]
