---------------------------------------------------------------
[ 2019-07-14T21:09:04+08:00 ] 127.0.0.1 GET starcms.com/index.php/admin
[运行时间：0.531030s] [吞吐率：1.88req/s] [内存消耗：2,042.30kb] [文件加载：49]
[ info ] [ LANG ] D:\Apache24\htdocs\starcms\thinkphp\lang\zh-cn.php
[ info ] [ ROUTE ] array (
  'type' => 'module',
  'module' => 
  array (
    0 => 'admin',
    1 => NULL,
    2 => NULL,
  ),
)
[ info ] [ HEADER ] array (
  'host' => 'starcms.com',
  'connection' => 'keep-alive',
  'upgrade-insecure-requests' => '1',
  'user-agent' => 'Mozilla/5.0 (Windows NT 6.1; WOW64) AppleWebKit/537.36 (KHTML, like Gecko) Chrome/63.0.3239.132 Safari/537.36',
  'accept' => 'text/html,application/xhtml+xml,application/xml;q=0.9,image/webp,image/apng,*/*;q=0.8',
  'accept-encoding' => 'gzip, deflate',
  'accept-language' => 'zh-CN,zh;q=0.9',
)
[ info ] [ PARAM ] array (
)
[ info ] [ SESSION ] INIT array (
  'id' => '',
  'var_session_id' => '',
  'prefix' => 'think',
  'type' => '',
  'auto_start' => true,
)
[ info ] [ LOG ] INIT File
[ error ] [8]未定义变量: fieldinfo[D:\Apache24\htdocs\starcms\application\admin\common.php:2]
[ error ] [8]未定义变量: setting[D:\Apache24\htdocs\starcms\application\admin\common.php:2]
---------------------------------------------------------------
[ 2019-07-14T21:09:04+08:00 ] 127.0.0.1 GET starcms.com/index.php/admin/login/index.html
[运行时间：0.100006s] [吞吐率：10.00req/s] [内存消耗：2,171.78kb] [文件加载：50]
[ info ] [ LANG ] D:\Apache24\htdocs\starcms\thinkphp\lang\zh-cn.php
[ info ] [ ROUTE ] array (
  'type' => 'module',
  'module' => 
  array (
    0 => 'admin',
    1 => 'login',
    2 => 'index',
  ),
)
[ info ] [ HEADER ] array (
  'host' => 'starcms.com',
  'connection' => 'keep-alive',
  'upgrade-insecure-requests' => '1',
  'user-agent' => 'Mozilla/5.0 (Windows NT 6.1; WOW64) AppleWebKit/537.36 (KHTML, like Gecko) Chrome/63.0.3239.132 Safari/537.36',
  'accept' => 'text/html,application/xhtml+xml,application/xml;q=0.9,image/webp,image/apng,*/*;q=0.8',
  'accept-encoding' => 'gzip, deflate',
  'accept-language' => 'zh-CN,zh;q=0.9',
  'cookie' => 'PHPSESSID=drnf3g7r7jlot27plh1sd526te',
)
[ info ] [ PARAM ] array (
)
[ info ] [ RUN ] app\admin\controller\Login->index[ D:\Apache24\htdocs\starcms\application\admin\controller\Login.php ]
[ info ] [ VIEW ] D:\Apache24\htdocs\starcms./application/admin\view\login\index.html [ array (
) ]
[ info ] [ LOG ] INIT File
[ error ] [8]未定义变量: fieldinfo[D:\Apache24\htdocs\starcms\application\admin\common.php:2]
[ error ] [8]未定义变量: setting[D:\Apache24\htdocs\starcms\application\admin\common.php:2]
---------------------------------------------------------------
[ 2019-07-14T21:09:05+08:00 ] 127.0.0.1 GET starcms.com/index.php/admin/login/favicon.ico
[运行时间：0.093006s] [吞吐率：10.75req/s] [内存消耗：1,993.91kb] [文件加载：47]
[ info ] [ LANG ] D:\Apache24\htdocs\starcms\thinkphp\lang\zh-cn.php
[ info ] [ ROUTE ] array (
  'type' => 'module',
  'module' => 
  array (
    0 => 'admin',
    1 => 'login',
    2 => 'favicon.ico',
  ),
)
[ info ] [ HEADER ] array (
  'host' => 'starcms.com',
  'connection' => 'keep-alive',
  'user-agent' => 'Mozilla/5.0 (Windows NT 6.1; WOW64) AppleWebKit/537.36 (KHTML, like Gecko) Chrome/63.0.3239.132 Safari/537.36',
  'accept' => 'image/webp,image/apng,image/*,*/*;q=0.8',
  'referer' => 'http://starcms.com/index.php/admin/login/index.html',
  'accept-encoding' => 'gzip, deflate',
  'accept-language' => 'zh-CN,zh;q=0.9',
  'cookie' => 'PHPSESSID=drnf3g7r7jlot27plh1sd526te',
)
[ info ] [ PARAM ] array (
)
[ info ] [ LOG ] INIT File
[ error ] [8]未定义变量: fieldinfo[D:\Apache24\htdocs\starcms\application\admin\common.php:2]
[ error ] [8]未定义变量: setting[D:\Apache24\htdocs\starcms\application\admin\common.php:2]
---------------------------------------------------------------
[ 2019-07-14T21:09:15+08:00 ] 127.0.0.1 POST starcms.com/index.php/admin/login/index.html
[运行时间：0.486027s] [吞吐率：2.06req/s] [内存消耗：2,838.02kb] [文件加载：54]
[ info ] [ LANG ] D:\Apache24\htdocs\starcms\thinkphp\lang\zh-cn.php
[ info ] [ ROUTE ] array (
  'type' => 'module',
  'module' => 
  array (
    0 => 'admin',
    1 => 'login',
    2 => 'index',
  ),
)
[ info ] [ HEADER ] array (
  'host' => 'starcms.com',
  'connection' => 'keep-alive',
  'content-length' => '29',
  'accept' => 'application/json, text/javascript, */*; q=0.01',
  'origin' => 'http://starcms.com',
  'x-requested-with' => 'XMLHttpRequest',
  'user-agent' => 'Mozilla/5.0 (Windows NT 6.1; WOW64) AppleWebKit/537.36 (KHTML, like Gecko) Chrome/63.0.3239.132 Safari/537.36',
  'content-type' => 'application/x-www-form-urlencoded; charset=UTF-8',
  'referer' => 'http://starcms.com/index.php/admin/login/index.html',
  'accept-encoding' => 'gzip, deflate',
  'accept-language' => 'zh-CN,zh;q=0.9',
  'cookie' => 'PHPSESSID=drnf3g7r7jlot27plh1sd526te',
)
[ info ] [ PARAM ] array (
  'username' => 'admin',
  'password' => 'admin',
)
[ info ] [ RUN ] app\admin\controller\Login->index[ D:\Apache24\htdocs\starcms\application\admin\controller\Login.php ]
[ info ] [ DB ] INIT mysql
[ info ] [ SESSION ] INIT array (
  'id' => '',
  'var_session_id' => '',
  'prefix' => 'think',
  'type' => '',
  'auto_start' => true,
)
[ info ] [ LOG ] INIT File
[ error ] [8]未定义变量: fieldinfo[D:\Apache24\htdocs\starcms\application\admin\common.php:2]
[ error ] [8]未定义变量: setting[D:\Apache24\htdocs\starcms\application\admin\common.php:2]
[ sql ] [ DB ] CONNECT:[ UseTime:0.125007s ] mysql:host=127.0.0.1;dbname=studyfoxcms;charset=utf8
[ sql ] [ SQL ] SHOW COLUMNS FROM `sfox_user` [ RunTime:0.200012s ]
[ sql ] [ SQL ] SELECT * FROM `sfox_user` WHERE  `username` = 'admin' LIMIT 1 [ RunTime:0.030002s ]
---------------------------------------------------------------
[ 2019-07-14T21:09:16+08:00 ] 127.0.0.1 GET starcms.com/index.php/admin/index/index.html
[运行时间：0.188011s] [吞吐率：5.32req/s] [内存消耗：3,436.79kb] [文件加载：60]
[ info ] [ LANG ] D:\Apache24\htdocs\starcms\thinkphp\lang\zh-cn.php
[ info ] [ ROUTE ] array (
  'type' => 'module',
  'module' => 
  array (
    0 => 'admin',
    1 => 'index',
    2 => 'index',
  ),
)
[ info ] [ HEADER ] array (
  'host' => 'starcms.com',
  'connection' => 'keep-alive',
  'upgrade-insecure-requests' => '1',
  'user-agent' => 'Mozilla/5.0 (Windows NT 6.1; WOW64) AppleWebKit/537.36 (KHTML, like Gecko) Chrome/63.0.3239.132 Safari/537.36',
  'accept' => 'text/html,application/xhtml+xml,application/xml;q=0.9,image/webp,image/apng,*/*;q=0.8',
  'referer' => 'http://starcms.com/index.php/admin/login/index.html',
  'accept-encoding' => 'gzip, deflate',
  'accept-language' => 'zh-CN,zh;q=0.9',
  'cookie' => 'PHPSESSID=drnf3g7r7jlot27plh1sd526te',
)
[ info ] [ PARAM ] array (
)
[ info ] [ SESSION ] INIT array (
  'id' => '',
  'var_session_id' => '',
  'prefix' => 'think',
  'type' => '',
  'auto_start' => true,
)
[ info ] [ RUN ] app\admin\controller\Index->index[ D:\Apache24\htdocs\starcms\application\admin\controller\Index.php ]
[ info ] [ DB ] INIT mysql
[ info ] [ VIEW ] D:\Apache24\htdocs\starcms./application/admin\view\index\index.html [ array (
  0 => 'menu',
) ]
[ info ] [ LOG ] INIT File
[ error ] [8]未定义变量: fieldinfo[D:\Apache24\htdocs\starcms\application\admin\common.php:2]
[ error ] [8]未定义变量: setting[D:\Apache24\htdocs\starcms\application\admin\common.php:2]
[ error ] [8]未定义数组索引: son[D:\Apache24\htdocs\starcms\runtime\temp\fa06659f5ed1f54065ae7ec32e291319.php:65]
[ error ] [8]未定义数组索引: son[D:\Apache24\htdocs\starcms\runtime\temp\fa06659f5ed1f54065ae7ec32e291319.php:65]
[ error ] [8]未定义数组索引: son[D:\Apache24\htdocs\starcms\runtime\temp\fa06659f5ed1f54065ae7ec32e291319.php:65]
[ sql ] [ DB ] CONNECT:[ UseTime:0.001000s ] mysql:host=127.0.0.1;dbname=studyfoxcms;charset=utf8
[ sql ] [ SQL ] SHOW COLUMNS FROM `sfox_menu` [ RunTime:0.038003s ]
[ sql ] [ SQL ] SELECT * FROM `sfox_menu` ORDER BY `listorder` [ RunTime:0.021001s ]
---------------------------------------------------------------
[ 2019-07-14T21:09:16+08:00 ] 127.0.0.1 GET starcms.com/index.php/admin/index/content.html
[运行时间：0.112006s] [吞吐率：8.93req/s] [内存消耗：2,152.46kb] [文件加载：50]
[ info ] [ LANG ] D:\Apache24\htdocs\starcms\thinkphp\lang\zh-cn.php
[ info ] [ ROUTE ] array (
  'type' => 'module',
  'module' => 
  array (
    0 => 'admin',
    1 => 'index',
    2 => 'content',
  ),
)
[ info ] [ HEADER ] array (
  'host' => 'starcms.com',
  'connection' => 'keep-alive',
  'upgrade-insecure-requests' => '1',
  'user-agent' => 'Mozilla/5.0 (Windows NT 6.1; WOW64) AppleWebKit/537.36 (KHTML, like Gecko) Chrome/63.0.3239.132 Safari/537.36',
  'accept' => 'text/html,application/xhtml+xml,application/xml;q=0.9,image/webp,image/apng,*/*;q=0.8',
  'referer' => 'http://starcms.com/index.php/admin/index/index.html',
  'accept-encoding' => 'gzip, deflate',
  'accept-language' => 'zh-CN,zh;q=0.9',
  'cookie' => 'PHPSESSID=drnf3g7r7jlot27plh1sd526te',
)
[ info ] [ PARAM ] array (
)
[ info ] [ SESSION ] INIT array (
  'id' => '',
  'var_session_id' => '',
  'prefix' => 'think',
  'type' => '',
  'auto_start' => true,
)
[ info ] [ RUN ] app\admin\controller\Index->content[ D:\Apache24\htdocs\starcms\application\admin\controller\Index.php ]
[ info ] [ VIEW ] D:\Apache24\htdocs\starcms./application/admin\view\index\content.html [ array (
) ]
[ info ] [ LOG ] INIT File
[ error ] [8]未定义变量: fieldinfo[D:\Apache24\htdocs\starcms\application\admin\common.php:2]
[ error ] [8]未定义变量: setting[D:\Apache24\htdocs\starcms\application\admin\common.php:2]
---------------------------------------------------------------
[ 2019-07-14T21:09:17+08:00 ] 127.0.0.1 GET starcms.com/index.php/admin/index/favicon.ico
[运行时间：0.052003s] [吞吐率：19.23req/s] [内存消耗：1,996.36kb] [文件加载：48]
[ info ] [ LANG ] D:\Apache24\htdocs\starcms\thinkphp\lang\zh-cn.php
[ info ] [ ROUTE ] array (
  'type' => 'module',
  'module' => 
  array (
    0 => 'admin',
    1 => 'index',
    2 => 'favicon.ico',
  ),
)
[ info ] [ HEADER ] array (
  'host' => 'starcms.com',
  'connection' => 'keep-alive',
  'user-agent' => 'Mozilla/5.0 (Windows NT 6.1; WOW64) AppleWebKit/537.36 (KHTML, like Gecko) Chrome/63.0.3239.132 Safari/537.36',
  'accept' => 'image/webp,image/apng,image/*,*/*;q=0.8',
  'referer' => 'http://starcms.com/index.php/admin/index/index.html',
  'accept-encoding' => 'gzip, deflate',
  'accept-language' => 'zh-CN,zh;q=0.9',
  'cookie' => 'PHPSESSID=drnf3g7r7jlot27plh1sd526te',
)
[ info ] [ PARAM ] array (
)
[ info ] [ SESSION ] INIT array (
  'id' => '',
  'var_session_id' => '',
  'prefix' => 'think',
  'type' => '',
  'auto_start' => true,
)
[ info ] [ LOG ] INIT File
[ error ] [8]未定义变量: fieldinfo[D:\Apache24\htdocs\starcms\application\admin\common.php:2]
[ error ] [8]未定义变量: setting[D:\Apache24\htdocs\starcms\application\admin\common.php:2]
---------------------------------------------------------------
[ 2019-07-14T21:09:24+08:00 ] 127.0.0.1 GET starcms.com/index.php/admin/models/index.html
[运行时间：0.209012s] [吞吐率：4.78req/s] [内存消耗：3,395.71kb] [文件加载：60]
[ info ] [ LANG ] D:\Apache24\htdocs\starcms\thinkphp\lang\zh-cn.php
[ info ] [ ROUTE ] array (
  'type' => 'module',
  'module' => 
  array (
    0 => 'admin',
    1 => 'models',
    2 => 'index',
  ),
)
[ info ] [ HEADER ] array (
  'host' => 'starcms.com',
  'connection' => 'keep-alive',
  'upgrade-insecure-requests' => '1',
  'user-agent' => 'Mozilla/5.0 (Windows NT 6.1; WOW64) AppleWebKit/537.36 (KHTML, like Gecko) Chrome/63.0.3239.132 Safari/537.36',
  'accept' => 'text/html,application/xhtml+xml,application/xml;q=0.9,image/webp,image/apng,*/*;q=0.8',
  'referer' => 'http://starcms.com/index.php/admin/index/index.html',
  'accept-encoding' => 'gzip, deflate',
  'accept-language' => 'zh-CN,zh;q=0.9',
  'cookie' => 'PHPSESSID=drnf3g7r7jlot27plh1sd526te',
)
[ info ] [ PARAM ] array (
)
[ info ] [ SESSION ] INIT array (
  'id' => '',
  'var_session_id' => '',
  'prefix' => 'think',
  'type' => '',
  'auto_start' => true,
)
[ info ] [ RUN ] app\admin\controller\Models->index[ D:\Apache24\htdocs\starcms\application\admin\controller\Models.php ]
[ info ] [ DB ] INIT mysql
[ info ] [ VIEW ] D:\Apache24\htdocs\starcms./application/admin\view\models\index.html [ array (
  0 => 'modelslist',
  1 => 'filename',
) ]
[ info ] [ LOG ] INIT File
[ error ] [8]未定义变量: fieldinfo[D:\Apache24\htdocs\starcms\application\admin\common.php:2]
[ error ] [8]未定义变量: setting[D:\Apache24\htdocs\starcms\application\admin\common.php:2]
[ sql ] [ DB ] CONNECT:[ UseTime:0.001000s ] mysql:host=127.0.0.1;dbname=studyfoxcms;charset=utf8
[ sql ] [ SQL ] SHOW COLUMNS FROM `sfox_models` [ RunTime:0.028002s ]
[ sql ] [ SQL ] SELECT * FROM `sfox_models` ORDER BY `sort` [ RunTime:0.001000s ]
[ sql ] [ SQL ] SHOW COLUMNS FROM `sfox_config` [ RunTime:0.044002s ]
[ sql ] [ SQL ] SELECT `varname`,`value` FROM `sfox_config` [ RunTime:0.016001s ]
---------------------------------------------------------------
[ 2019-07-14T21:09:28+08:00 ] 127.0.0.1 GET starcms.com/index.php/admin/models/index.html
[运行时间：0.095005s] [吞吐率：10.53req/s] [内存消耗：3,160.54kb] [文件加载：58]
[ info ] [ LANG ] D:\Apache24\htdocs\starcms\thinkphp\lang\zh-cn.php
[ info ] [ ROUTE ] array (
  'type' => 'module',
  'module' => 
  array (
    0 => 'admin',
    1 => 'models',
    2 => 'index',
  ),
)
[ info ] [ HEADER ] array (
  'host' => 'starcms.com',
  'connection' => 'keep-alive',
  'upgrade-insecure-requests' => '1',
  'user-agent' => 'Mozilla/5.0 (Windows NT 6.1; WOW64) AppleWebKit/537.36 (KHTML, like Gecko) Chrome/63.0.3239.132 Safari/537.36',
  'accept' => 'text/html,application/xhtml+xml,application/xml;q=0.9,image/webp,image/apng,*/*;q=0.8',
  'referer' => 'http://starcms.com/index.php/admin/index/index.html',
  'accept-encoding' => 'gzip, deflate',
  'accept-language' => 'zh-CN,zh;q=0.9',
  'cookie' => 'PHPSESSID=drnf3g7r7jlot27plh1sd526te',
)
[ info ] [ PARAM ] array (
)
[ info ] [ SESSION ] INIT array (
  'id' => '',
  'var_session_id' => '',
  'prefix' => 'think',
  'type' => '',
  'auto_start' => true,
)
[ info ] [ RUN ] app\admin\controller\Models->index[ D:\Apache24\htdocs\starcms\application\admin\controller\Models.php ]
[ info ] [ DB ] INIT mysql
[ info ] [ VIEW ] D:\Apache24\htdocs\starcms./application/admin\view\models\index.html [ array (
  0 => 'modelslist',
  1 => 'filename',
) ]
[ info ] [ LOG ] INIT File
[ error ] [8]未定义变量: fieldinfo[D:\Apache24\htdocs\starcms\application\admin\common.php:2]
[ error ] [8]未定义变量: setting[D:\Apache24\htdocs\starcms\application\admin\common.php:2]
[ sql ] [ DB ] CONNECT:[ UseTime:0.010001s ] mysql:host=127.0.0.1;dbname=studyfoxcms;charset=utf8
[ sql ] [ SQL ] SHOW COLUMNS FROM `sfox_models` [ RunTime:0.007000s ]
[ sql ] [ SQL ] SELECT * FROM `sfox_models` ORDER BY `sort` [ RunTime:0.000000s ]
[ sql ] [ SQL ] SHOW COLUMNS FROM `sfox_config` [ RunTime:0.006000s ]
[ sql ] [ SQL ] SELECT `varname`,`value` FROM `sfox_config` [ RunTime:0.001000s ]
---------------------------------------------------------------
[ 2019-07-14T21:09:32+08:00 ] 127.0.0.1 GET starcms.com/index.php/admin/models_field/index/id/10.html
[运行时间：0.175010s] [吞吐率：5.71req/s] [内存消耗：2,832.10kb] [文件加载：54]
[ info ] [ LANG ] D:\Apache24\htdocs\starcms\thinkphp\lang\zh-cn.php
[ info ] [ ROUTE ] array (
  'type' => 'module',
  'module' => 
  array (
    0 => 'admin',
    1 => 'models_field',
    2 => 'index',
  ),
)
[ info ] [ HEADER ] array (
  'host' => 'starcms.com',
  'connection' => 'keep-alive',
  'upgrade-insecure-requests' => '1',
  'user-agent' => 'Mozilla/5.0 (Windows NT 6.1; WOW64) AppleWebKit/537.36 (KHTML, like Gecko) Chrome/63.0.3239.132 Safari/537.36',
  'accept' => 'text/html,application/xhtml+xml,application/xml;q=0.9,image/webp,image/apng,*/*;q=0.8',
  'referer' => 'http://starcms.com/index.php/admin/models/index.html',
  'accept-encoding' => 'gzip, deflate',
  'accept-language' => 'zh-CN,zh;q=0.9',
  'cookie' => 'PHPSESSID=drnf3g7r7jlot27plh1sd526te',
)
[ info ] [ PARAM ] array (
  'id' => '10',
)
[ info ] [ SESSION ] INIT array (
  'id' => '',
  'var_session_id' => '',
  'prefix' => 'think',
  'type' => '',
  'auto_start' => true,
)
[ info ] [ RUN ] app\admin\controller\ModelsField->index[ D:\Apache24\htdocs\starcms\application\admin\controller\ModelsField.php ]
[ info ] [ DB ] INIT mysql
[ info ] [ LOG ] INIT File
[ error ] [8]未定义变量: fieldinfo[D:\Apache24\htdocs\starcms\application\admin\common.php:2]
[ error ] [8]未定义变量: setting[D:\Apache24\htdocs\starcms\application\admin\common.php:2]
[ error ] [8]未定义变量: info[D:\Apache24\htdocs\starcms\application\admin\controller\ModelsField.php:43]
[ error ] [2]count(): Parameter must be an array or an object that implements Countable[D:\Apache24\htdocs\starcms\application\admin\controller\ModelsField.php:43]
[ sql ] [ DB ] CONNECT:[ UseTime:0.001000s ] mysql:host=127.0.0.1;dbname=studyfoxcms;charset=utf8
[ sql ] [ SQL ] SHOW COLUMNS FROM `sfox_models_field` [ RunTime:0.041002s ]
[ sql ] [ SQL ] SELECT * FROM `sfox_models_field` WHERE  `modelid` = 10 ORDER BY `sort` [ RunTime:0.055003s ]
[ sql ] [ SQL ] SHOW COLUMNS FROM `sfox_models` [ RunTime:0.006000s ]
[ sql ] [ SQL ] SELECT `name` FROM `sfox_models` WHERE  `id` = 10 LIMIT 1 [ RunTime:0.001001s ]
---------------------------------------------------------------
[ 2019-07-14T21:13:25+08:00 ] 127.0.0.1 GET starcms.com/index.php/admin/models/index.html
[运行时间：0.087005s] [吞吐率：11.49req/s] [内存消耗：3,160.54kb] [文件加载：58]
[ info ] [ LANG ] D:\Apache24\htdocs\starcms\thinkphp\lang\zh-cn.php
[ info ] [ ROUTE ] array (
  'type' => 'module',
  'module' => 
  array (
    0 => 'admin',
    1 => 'models',
    2 => 'index',
  ),
)
[ info ] [ HEADER ] array (
  'host' => 'starcms.com',
  'connection' => 'keep-alive',
  'upgrade-insecure-requests' => '1',
  'user-agent' => 'Mozilla/5.0 (Windows NT 6.1; WOW64) AppleWebKit/537.36 (KHTML, like Gecko) Chrome/63.0.3239.132 Safari/537.36',
  'accept' => 'text/html,application/xhtml+xml,application/xml;q=0.9,image/webp,image/apng,*/*;q=0.8',
  'referer' => 'http://starcms.com/index.php/admin/index/index.html',
  'accept-encoding' => 'gzip, deflate',
  'accept-language' => 'zh-CN,zh;q=0.9',
  'cookie' => 'PHPSESSID=drnf3g7r7jlot27plh1sd526te',
)
[ info ] [ PARAM ] array (
)
[ info ] [ SESSION ] INIT array (
  'id' => '',
  'var_session_id' => '',
  'prefix' => 'think',
  'type' => '',
  'auto_start' => true,
)
[ info ] [ RUN ] app\admin\controller\Models->index[ D:\Apache24\htdocs\starcms\application\admin\controller\Models.php ]
[ info ] [ DB ] INIT mysql
[ info ] [ VIEW ] D:\Apache24\htdocs\starcms./application/admin\view\models\index.html [ array (
  0 => 'modelslist',
  1 => 'filename',
) ]
[ info ] [ LOG ] INIT File
[ error ] [8]未定义变量: fieldinfo[D:\Apache24\htdocs\starcms\application\admin\common.php:2]
[ error ] [8]未定义变量: setting[D:\Apache24\htdocs\starcms\application\admin\common.php:2]
[ sql ] [ DB ] CONNECT:[ UseTime:0.001000s ] mysql:host=127.0.0.1;dbname=studyfoxcms;charset=utf8
[ sql ] [ SQL ] SHOW COLUMNS FROM `sfox_models` [ RunTime:0.007001s ]
[ sql ] [ SQL ] SELECT * FROM `sfox_models` ORDER BY `sort` [ RunTime:0.000000s ]
[ sql ] [ SQL ] SHOW COLUMNS FROM `sfox_config` [ RunTime:0.005000s ]
[ sql ] [ SQL ] SELECT `varname`,`value` FROM `sfox_config` [ RunTime:0.001000s ]
---------------------------------------------------------------
[ 2019-07-14T21:13:27+08:00 ] 127.0.0.1 GET starcms.com/index.php/admin/models_field/index/id/10.html
[运行时间：0.067004s] [吞吐率：14.92req/s] [内存消耗：2,832.12kb] [文件加载：54]
[ info ] [ LANG ] D:\Apache24\htdocs\starcms\thinkphp\lang\zh-cn.php
[ info ] [ ROUTE ] array (
  'type' => 'module',
  'module' => 
  array (
    0 => 'admin',
    1 => 'models_field',
    2 => 'index',
  ),
)
[ info ] [ HEADER ] array (
  'host' => 'starcms.com',
  'connection' => 'keep-alive',
  'upgrade-insecure-requests' => '1',
  'user-agent' => 'Mozilla/5.0 (Windows NT 6.1; WOW64) AppleWebKit/537.36 (KHTML, like Gecko) Chrome/63.0.3239.132 Safari/537.36',
  'accept' => 'text/html,application/xhtml+xml,application/xml;q=0.9,image/webp,image/apng,*/*;q=0.8',
  'referer' => 'http://starcms.com/index.php/admin/models/index.html',
  'accept-encoding' => 'gzip, deflate',
  'accept-language' => 'zh-CN,zh;q=0.9',
  'cookie' => 'PHPSESSID=drnf3g7r7jlot27plh1sd526te',
)
[ info ] [ PARAM ] array (
  'id' => '10',
)
[ info ] [ SESSION ] INIT array (
  'id' => '',
  'var_session_id' => '',
  'prefix' => 'think',
  'type' => '',
  'auto_start' => true,
)
[ info ] [ RUN ] app\admin\controller\ModelsField->index[ D:\Apache24\htdocs\starcms\application\admin\controller\ModelsField.php ]
[ info ] [ DB ] INIT mysql
[ info ] [ LOG ] INIT File
[ error ] [8]未定义变量: fieldinfo[D:\Apache24\htdocs\starcms\application\admin\common.php:2]
[ error ] [8]未定义变量: setting[D:\Apache24\htdocs\starcms\application\admin\common.php:2]
[ error ] [8]未定义变量: fieldinfo[D:\Apache24\htdocs\starcms\application\admin\controller\ModelsField.php:43]
[ error ] [2]count(): Parameter must be an array or an object that implements Countable[D:\Apache24\htdocs\starcms\application\admin\controller\ModelsField.php:43]
[ sql ] [ DB ] CONNECT:[ UseTime:0.001000s ] mysql:host=127.0.0.1;dbname=studyfoxcms;charset=utf8
[ sql ] [ SQL ] SHOW COLUMNS FROM `sfox_models_field` [ RunTime:0.006000s ]
[ sql ] [ SQL ] SELECT * FROM `sfox_models_field` WHERE  `modelid` = 10 ORDER BY `sort` [ RunTime:0.001000s ]
[ sql ] [ SQL ] SHOW COLUMNS FROM `sfox_models` [ RunTime:0.006001s ]
[ sql ] [ SQL ] SELECT `name` FROM `sfox_models` WHERE  `id` = 10 LIMIT 1 [ RunTime:0.000000s ]
---------------------------------------------------------------
[ 2019-07-14T21:15:21+08:00 ] 127.0.0.1 GET starcms.com/index.php/admin/models/index.html
[运行时间：0.093005s] [吞吐率：10.75req/s] [内存消耗：3,160.54kb] [文件加载：58]
[ info ] [ LANG ] D:\Apache24\htdocs\starcms\thinkphp\lang\zh-cn.php
[ info ] [ ROUTE ] array (
  'type' => 'module',
  'module' => 
  array (
    0 => 'admin',
    1 => 'models',
    2 => 'index',
  ),
)
[ info ] [ HEADER ] array (
  'host' => 'starcms.com',
  'connection' => 'keep-alive',
  'upgrade-insecure-requests' => '1',
  'user-agent' => 'Mozilla/5.0 (Windows NT 6.1; WOW64) AppleWebKit/537.36 (KHTML, like Gecko) Chrome/63.0.3239.132 Safari/537.36',
  'accept' => 'text/html,application/xhtml+xml,application/xml;q=0.9,image/webp,image/apng,*/*;q=0.8',
  'referer' => 'http://starcms.com/index.php/admin/index/index.html',
  'accept-encoding' => 'gzip, deflate',
  'accept-language' => 'zh-CN,zh;q=0.9',
  'cookie' => 'PHPSESSID=drnf3g7r7jlot27plh1sd526te',
)
[ info ] [ PARAM ] array (
)
[ info ] [ SESSION ] INIT array (
  'id' => '',
  'var_session_id' => '',
  'prefix' => 'think',
  'type' => '',
  'auto_start' => true,
)
[ info ] [ RUN ] app\admin\controller\Models->index[ D:\Apache24\htdocs\starcms\application\admin\controller\Models.php ]
[ info ] [ DB ] INIT mysql
[ info ] [ VIEW ] D:\Apache24\htdocs\starcms./application/admin\view\models\index.html [ array (
  0 => 'modelslist',
  1 => 'filename',
) ]
[ info ] [ LOG ] INIT File
[ error ] [8]未定义变量: fieldinfo[D:\Apache24\htdocs\starcms\application\admin\common.php:2]
[ error ] [8]未定义变量: setting[D:\Apache24\htdocs\starcms\application\admin\common.php:2]
[ sql ] [ DB ] CONNECT:[ UseTime:0.011000s ] mysql:host=127.0.0.1;dbname=studyfoxcms;charset=utf8
[ sql ] [ SQL ] SHOW COLUMNS FROM `sfox_models` [ RunTime:0.008000s ]
[ sql ] [ SQL ] SELECT * FROM `sfox_models` ORDER BY `sort` [ RunTime:0.000000s ]
[ sql ] [ SQL ] SHOW COLUMNS FROM `sfox_config` [ RunTime:0.006001s ]
[ sql ] [ SQL ] SELECT `varname`,`value` FROM `sfox_config` [ RunTime:0.001000s ]
---------------------------------------------------------------
[ 2019-07-14T21:15:23+08:00 ] 127.0.0.1 GET starcms.com/index.php/admin/models_field/index/id/10.html
[运行时间：0.081004s] [吞吐率：12.35req/s] [内存消耗：3,080.34kb] [文件加载：58]
[ info ] [ LANG ] D:\Apache24\htdocs\starcms\thinkphp\lang\zh-cn.php
[ info ] [ ROUTE ] array (
  'type' => 'module',
  'module' => 
  array (
    0 => 'admin',
    1 => 'models_field',
    2 => 'index',
  ),
)
[ info ] [ HEADER ] array (
  'host' => 'starcms.com',
  'connection' => 'keep-alive',
  'upgrade-insecure-requests' => '1',
  'user-agent' => 'Mozilla/5.0 (Windows NT 6.1; WOW64) AppleWebKit/537.36 (KHTML, like Gecko) Chrome/63.0.3239.132 Safari/537.36',
  'accept' => 'text/html,application/xhtml+xml,application/xml;q=0.9,image/webp,image/apng,*/*;q=0.8',
  'referer' => 'http://starcms.com/index.php/admin/models/index.html',
  'accept-encoding' => 'gzip, deflate',
  'accept-language' => 'zh-CN,zh;q=0.9',
  'cookie' => 'PHPSESSID=drnf3g7r7jlot27plh1sd526te',
)
[ info ] [ PARAM ] array (
  'id' => '10',
)
[ info ] [ SESSION ] INIT array (
  'id' => '',
  'var_session_id' => '',
  'prefix' => 'think',
  'type' => '',
  'auto_start' => true,
)
[ info ] [ RUN ] app\admin\controller\ModelsField->index[ D:\Apache24\htdocs\starcms\application\admin\controller\ModelsField.php ]
[ info ] [ DB ] INIT mysql
[ info ] [ VIEW ] D:\Apache24\htdocs\starcms./application/admin\view\models_field\index.html [ array (
  0 => 'modelsfield',
  1 => 'modelName',
) ]
[ info ] [ LOG ] INIT File
[ error ] [8]未定义变量: fieldinfo[D:\Apache24\htdocs\starcms\application\admin\common.php:2]
[ error ] [8]未定义变量: setting[D:\Apache24\htdocs\starcms\application\admin\common.php:2]
[ sql ] [ DB ] CONNECT:[ UseTime:0.010001s ] mysql:host=127.0.0.1;dbname=studyfoxcms;charset=utf8
[ sql ] [ SQL ] SHOW COLUMNS FROM `sfox_models_field` [ RunTime:0.006000s ]
[ sql ] [ SQL ] SELECT * FROM `sfox_models_field` WHERE  `modelid` = 10 ORDER BY `sort` [ RunTime:0.001000s ]
[ sql ] [ SQL ] SHOW COLUMNS FROM `sfox_models` [ RunTime:0.006001s ]
[ sql ] [ SQL ] SELECT `name` FROM `sfox_models` WHERE  `id` = 10 LIMIT 1 [ RunTime:0.000000s ]
---------------------------------------------------------------
[ 2019-07-14T21:15:50+08:00 ] 127.0.0.1 GET starcms.com/index.php/admin/models_field/field_setting.html?fieldtype=downfile
[运行时间：0.046002s] [吞吐率：21.74req/s] [内存消耗：2,022.58kb] [文件加载：47]
[ info ] [ LANG ] D:\Apache24\htdocs\starcms\thinkphp\lang\zh-cn.php
[ info ] [ ROUTE ] array (
  'type' => 'module',
  'module' => 
  array (
    0 => 'admin',
    1 => 'models_field',
    2 => 'field_setting',
  ),
)
[ info ] [ HEADER ] array (
  'host' => 'starcms.com',
  'connection' => 'keep-alive',
  'accept' => 'application/json, text/javascript, */*; q=0.01',
  'x-requested-with' => 'XMLHttpRequest',
  'user-agent' => 'Mozilla/5.0 (Windows NT 6.1; WOW64) AppleWebKit/537.36 (KHTML, like Gecko) Chrome/63.0.3239.132 Safari/537.36',
  'referer' => 'http://starcms.com/index.php/admin/models_field/index/id/10.html',
  'accept-encoding' => 'gzip, deflate',
  'accept-language' => 'zh-CN,zh;q=0.9',
  'cookie' => 'PHPSESSID=drnf3g7r7jlot27plh1sd526te',
)
[ info ] [ PARAM ] array (
  'fieldtype' => 'downfile',
)
[ info ] [ SESSION ] INIT array (
  'id' => '',
  'var_session_id' => '',
  'prefix' => 'think',
  'type' => '',
  'auto_start' => true,
)
[ info ] [ RUN ] app\admin\controller\ModelsField->field_setting[ D:\Apache24\htdocs\starcms\application\admin\controller\ModelsField.php ]
[ info ] [ LOG ] INIT File
[ error ] [8]未定义变量: fieldinfo[D:\Apache24\htdocs\starcms\application\admin\common.php:2]
[ error ] [8]未定义变量: setting[D:\Apache24\htdocs\starcms\application\admin\common.php:2]
---------------------------------------------------------------
[ 2019-07-14T21:15:52+08:00 ] 127.0.0.1 GET starcms.com/index.php/admin/models/index.html
[运行时间：0.072004s] [吞吐率：13.89req/s] [内存消耗：3,160.59kb] [文件加载：58]
[ info ] [ LANG ] D:\Apache24\htdocs\starcms\thinkphp\lang\zh-cn.php
[ info ] [ ROUTE ] array (
  'type' => 'module',
  'module' => 
  array (
    0 => 'admin',
    1 => 'models',
    2 => 'index',
  ),
)
[ info ] [ HEADER ] array (
  'host' => 'starcms.com',
  'connection' => 'keep-alive',
  'upgrade-insecure-requests' => '1',
  'user-agent' => 'Mozilla/5.0 (Windows NT 6.1; WOW64) AppleWebKit/537.36 (KHTML, like Gecko) Chrome/63.0.3239.132 Safari/537.36',
  'accept' => 'text/html,application/xhtml+xml,application/xml;q=0.9,image/webp,image/apng,*/*;q=0.8',
  'referer' => 'http://starcms.com/index.php/admin/models_field/index/id/10.html',
  'accept-encoding' => 'gzip, deflate',
  'accept-language' => 'zh-CN,zh;q=0.9',
  'cookie' => 'PHPSESSID=drnf3g7r7jlot27plh1sd526te',
)
[ info ] [ PARAM ] array (
)
[ info ] [ SESSION ] INIT array (
  'id' => '',
  'var_session_id' => '',
  'prefix' => 'think',
  'type' => '',
  'auto_start' => true,
)
[ info ] [ RUN ] app\admin\controller\Models->index[ D:\Apache24\htdocs\starcms\application\admin\controller\Models.php ]
[ info ] [ DB ] INIT mysql
[ info ] [ VIEW ] D:\Apache24\htdocs\starcms./application/admin\view\models\index.html [ array (
  0 => 'modelslist',
  1 => 'filename',
) ]
[ info ] [ LOG ] INIT File
[ error ] [8]未定义变量: fieldinfo[D:\Apache24\htdocs\starcms\application\admin\common.php:2]
[ error ] [8]未定义变量: setting[D:\Apache24\htdocs\starcms\application\admin\common.php:2]
[ sql ] [ DB ] CONNECT:[ UseTime:0.000000s ] mysql:host=127.0.0.1;dbname=studyfoxcms;charset=utf8
[ sql ] [ SQL ] SHOW COLUMNS FROM `sfox_models` [ RunTime:0.006000s ]
[ sql ] [ SQL ] SELECT * FROM `sfox_models` ORDER BY `sort` [ RunTime:0.000000s ]
[ sql ] [ SQL ] SHOW COLUMNS FROM `sfox_config` [ RunTime:0.006001s ]
[ sql ] [ SQL ] SELECT `varname`,`value` FROM `sfox_config` [ RunTime:0.001000s ]
---------------------------------------------------------------
[ 2019-07-14T21:17:01+08:00 ] 127.0.0.1 GET starcms.com/index.php/admin/content/index.html
[运行时间：0.241014s] [吞吐率：4.15req/s] [内存消耗：3,399.38kb] [文件加载：60]
[ info ] [ LANG ] D:\Apache24\htdocs\starcms\thinkphp\lang\zh-cn.php
[ info ] [ ROUTE ] array (
  'type' => 'module',
  'module' => 
  array (
    0 => 'admin',
    1 => 'content',
    2 => 'index',
  ),
)
[ info ] [ HEADER ] array (
  'host' => 'starcms.com',
  'connection' => 'keep-alive',
  'upgrade-insecure-requests' => '1',
  'user-agent' => 'Mozilla/5.0 (Windows NT 6.1; WOW64) AppleWebKit/537.36 (KHTML, like Gecko) Chrome/63.0.3239.132 Safari/537.36',
  'accept' => 'text/html,application/xhtml+xml,application/xml;q=0.9,image/webp,image/apng,*/*;q=0.8',
  'referer' => 'http://starcms.com/index.php/admin/index/index.html',
  'accept-encoding' => 'gzip, deflate',
  'accept-language' => 'zh-CN,zh;q=0.9',
  'cookie' => 'PHPSESSID=drnf3g7r7jlot27plh1sd526te',
)
[ info ] [ PARAM ] array (
)
[ info ] [ SESSION ] INIT array (
  'id' => '',
  'var_session_id' => '',
  'prefix' => 'think',
  'type' => '',
  'auto_start' => true,
)
[ info ] [ RUN ] app\admin\controller\Content->index[ D:\Apache24\htdocs\starcms\application\admin\controller\Content.php ]
[ info ] [ DB ] INIT mysql
[ info ] [ VIEW ] D:\Apache24\htdocs\starcms./application/admin\view\content\index.html [ array (
  0 => 'categoryList',
  1 => 'id',
) ]
[ info ] [ LOG ] INIT File
[ error ] [8]未定义变量: fieldinfo[D:\Apache24\htdocs\starcms\application\admin\common.php:2]
[ error ] [8]未定义变量: setting[D:\Apache24\htdocs\starcms\application\admin\common.php:2]
[ error ] [8]未定义数组索引: son[D:\Apache24\htdocs\starcms\runtime\temp\2f97d54dd2a6a446398d2d688f0c7cda.php:39]
[ error ] [8]未定义数组索引: son[D:\Apache24\htdocs\starcms\runtime\temp\2f97d54dd2a6a446398d2d688f0c7cda.php:39]
[ error ] [8]未定义数组索引: son[D:\Apache24\htdocs\starcms\runtime\temp\2f97d54dd2a6a446398d2d688f0c7cda.php:39]
[ sql ] [ DB ] CONNECT:[ UseTime:0.000000s ] mysql:host=127.0.0.1;dbname=studyfoxcms;charset=utf8
[ sql ] [ SQL ] SHOW COLUMNS FROM `sfox_category` [ RunTime:0.026001s ]
[ sql ] [ SQL ] SELECT `id` FROM `sfox_category` WHERE  ( `cattype` <> 3 and `cattype` <> 4 )  AND `isend` = 1 ORDER BY `listorder` [ RunTime:0.012001s ]
[ sql ] [ SQL ] SELECT `modelid` FROM `sfox_category` WHERE  `id` = 93 LIMIT 1 [ RunTime:0.001000s ]
[ sql ] [ SQL ] SHOW COLUMNS FROM `sfox_models` [ RunTime:0.007000s ]
[ sql ] [ SQL ] SELECT `tablename` FROM `sfox_models` WHERE  `id` = 1 LIMIT 1 [ RunTime:0.000000s ]
[ sql ] [ SQL ] SHOW COLUMNS FROM `sfox_article` [ RunTime:0.049003s ]
[ sql ] [ SQL ] SELECT * FROM `sfox_article` WHERE  `catid` = 93 [ RunTime:0.001000s ]
[ sql ] [ SQL ] SELECT `modelid` FROM `sfox_category` WHERE  `id` = 86 LIMIT 1 [ RunTime:0.001000s ]
[ sql ] [ SQL ] SELECT `tablename` FROM `sfox_models` WHERE  `id` = 1 LIMIT 1 [ RunTime:0.000000s ]
[ sql ] [ SQL ] SELECT * FROM `sfox_article` WHERE  `catid` = 86 [ RunTime:0.000000s ]
[ sql ] [ SQL ] SELECT `modelid` FROM `sfox_category` WHERE  `id` = 89 LIMIT 1 [ RunTime:0.001000s ]
[ sql ] [ SQL ] SELECT `tablename` FROM `sfox_models` WHERE  `id` = 1 LIMIT 1 [ RunTime:0.000000s ]
[ sql ] [ SQL ] SELECT * FROM `sfox_article` WHERE  `catid` = 89 [ RunTime:0.000000s ]
[ sql ] [ SQL ] SELECT `modelid` FROM `sfox_category` WHERE  `id` = 101 LIMIT 1 [ RunTime:0.001000s ]
[ sql ] [ SQL ] SELECT `tablename` FROM `sfox_models` WHERE  `id` = 3 LIMIT 1 [ RunTime:0.000000s ]
[ sql ] [ SQL ] SHOW COLUMNS FROM `sfox_photo` [ RunTime:0.052003s ]
[ sql ] [ SQL ] SELECT * FROM `sfox_photo` WHERE  `catid` = 101 [ RunTime:0.001000s ]
[ sql ] [ SQL ] SELECT `modelid` FROM `sfox_category` WHERE  `id` = 29 LIMIT 1 [ RunTime:0.000000s ]
[ sql ] [ SQL ] SELECT `tablename` FROM `sfox_models` WHERE  `id` = 1 LIMIT 1 [ RunTime:0.000000s ]
[ sql ] [ SQL ] SELECT * FROM `sfox_article` WHERE  `catid` = 29 [ RunTime:0.001000s ]
[ sql ] [ SQL ] SELECT * FROM `sfox_category` WHERE  ( `cattype` <> 3 and `cattype` <> 4 ) ORDER BY `listorder` [ RunTime:0.000000s ]
---------------------------------------------------------------
[ 2019-07-14T21:17:02+08:00 ] 127.0.0.1 GET starcms.com/index.php/admin/content/content/id/29.html
[运行时间：0.485027s] [吞吐率：2.06req/s] [内存消耗：3,225.34kb] [文件加载：63]
[ info ] [ LANG ] D:\Apache24\htdocs\starcms\thinkphp\lang\zh-cn.php
[ info ] [ ROUTE ] array (
  'type' => 'module',
  'module' => 
  array (
    0 => 'admin',
    1 => 'content',
    2 => 'content',
  ),
)
[ info ] [ HEADER ] array (
  'host' => 'starcms.com',
  'connection' => 'keep-alive',
  'upgrade-insecure-requests' => '1',
  'user-agent' => 'Mozilla/5.0 (Windows NT 6.1; WOW64) AppleWebKit/537.36 (KHTML, like Gecko) Chrome/63.0.3239.132 Safari/537.36',
  'accept' => 'text/html,application/xhtml+xml,application/xml;q=0.9,image/webp,image/apng,*/*;q=0.8',
  'referer' => 'http://starcms.com/index.php/admin/content/index.html',
  'accept-encoding' => 'gzip, deflate',
  'accept-language' => 'zh-CN,zh;q=0.9',
  'cookie' => 'PHPSESSID=drnf3g7r7jlot27plh1sd526te',
)
[ info ] [ PARAM ] array (
  'id' => '29',
)
[ info ] [ SESSION ] INIT array (
  'id' => '',
  'var_session_id' => '',
  'prefix' => 'think',
  'type' => '',
  'auto_start' => true,
)
[ info ] [ RUN ] app\admin\controller\Content->content[ D:\Apache24\htdocs\starcms\application\admin\controller\Content.php ]
[ info ] [ DB ] INIT mysql
[ info ] [ VIEW ] D:\Apache24\htdocs\starcms./application/admin\view\content\content.html [ array (
  0 => 'catname',
  1 => 'infoList',
) ]
[ info ] [ LOG ] INIT File
[ error ] [8]未定义变量: fieldinfo[D:\Apache24\htdocs\starcms\application\admin\common.php:2]
[ error ] [8]未定义变量: setting[D:\Apache24\htdocs\starcms\application\admin\common.php:2]
[ error ] [2]Use of undefined constant utf8 - assumed 'utf8' (this will throw an Error in a future version of PHP)[D:\Apache24\htdocs\starcms\runtime\temp\ee9dce99658ebe8d36c98686a6cb5832.php:53]
[ sql ] [ DB ] CONNECT:[ UseTime:0.002000s ] mysql:host=127.0.0.1;dbname=studyfoxcms;charset=utf8
[ sql ] [ SQL ] SHOW COLUMNS FROM `sfox_category` [ RunTime:0.023002s ]
[ sql ] [ SQL ] SELECT `modelid` FROM `sfox_category` WHERE  `id` = 29 LIMIT 1 [ RunTime:0.001000s ]
[ sql ] [ SQL ] SHOW COLUMNS FROM `sfox_models` [ RunTime:0.005000s ]
[ sql ] [ SQL ] SELECT `tablename` FROM `sfox_models` WHERE  `id` = 1 LIMIT 1 [ RunTime:0.001000s ]
[ sql ] [ SQL ] SHOW COLUMNS FROM `sfox_article` [ RunTime:0.006000s ]
[ sql ] [ SQL ] SELECT COUNT(*) AS tp_count FROM `sfox_article` WHERE  `catid` = 29 LIMIT 1 [ RunTime:0.150009s ]
[ sql ] [ SQL ] SELECT * FROM `sfox_article` WHERE  `catid` = 29 LIMIT 0,12 [ RunTime:0.001000s ]
[ sql ] [ SQL ] SELECT `catname` FROM `sfox_category` WHERE  `id` = 29 LIMIT 1 [ RunTime:0.000000s ]
---------------------------------------------------------------
[ 2019-07-14T21:18:46+08:00 ] 127.0.0.1 GET starcms.com/index.php/admin/content/index.html
[运行时间：0.092006s] [吞吐率：10.87req/s] [内存消耗：3,189.04kb] [文件加载：58]
[ info ] [ LANG ] D:\Apache24\htdocs\starcms\thinkphp\lang\zh-cn.php
[ info ] [ ROUTE ] array (
  'type' => 'module',
  'module' => 
  array (
    0 => 'admin',
    1 => 'content',
    2 => 'index',
  ),
)
[ info ] [ HEADER ] array (
  'host' => 'starcms.com',
  'connection' => 'keep-alive',
  'upgrade-insecure-requests' => '1',
  'user-agent' => 'Mozilla/5.0 (Windows NT 6.1; WOW64) AppleWebKit/537.36 (KHTML, like Gecko) Chrome/63.0.3239.132 Safari/537.36',
  'accept' => 'text/html,application/xhtml+xml,application/xml;q=0.9,image/webp,image/apng,*/*;q=0.8',
  'referer' => 'http://starcms.com/index.php/admin/index/index.html',
  'accept-encoding' => 'gzip, deflate',
  'accept-language' => 'zh-CN,zh;q=0.9',
  'cookie' => 'PHPSESSID=drnf3g7r7jlot27plh1sd526te',
)
[ info ] [ PARAM ] array (
)
[ info ] [ SESSION ] INIT array (
  'id' => '',
  'var_session_id' => '',
  'prefix' => 'think',
  'type' => '',
  'auto_start' => true,
)
[ info ] [ RUN ] app\admin\controller\Content->index[ D:\Apache24\htdocs\starcms\application\admin\controller\Content.php ]
[ info ] [ DB ] INIT mysql
[ info ] [ VIEW ] D:\Apache24\htdocs\starcms./application/admin\view\content\index.html [ array (
  0 => 'categoryList',
  1 => 'id',
) ]
[ info ] [ LOG ] INIT File
[ error ] [8]未定义变量: fieldinfo[D:\Apache24\htdocs\starcms\application\admin\common.php:2]
[ error ] [8]未定义变量: setting[D:\Apache24\htdocs\starcms\application\admin\common.php:2]
[ error ] [8]未定义数组索引: son[D:\Apache24\htdocs\starcms\runtime\temp\2f97d54dd2a6a446398d2d688f0c7cda.php:39]
[ error ] [8]未定义数组索引: son[D:\Apache24\htdocs\starcms\runtime\temp\2f97d54dd2a6a446398d2d688f0c7cda.php:39]
[ error ] [8]未定义数组索引: son[D:\Apache24\htdocs\starcms\runtime\temp\2f97d54dd2a6a446398d2d688f0c7cda.php:39]
[ sql ] [ DB ] CONNECT:[ UseTime:0.001000s ] mysql:host=127.0.0.1;dbname=studyfoxcms;charset=utf8
[ sql ] [ SQL ] SHOW COLUMNS FROM `sfox_category` [ RunTime:0.005001s ]
[ sql ] [ SQL ] SELECT `id` FROM `sfox_category` WHERE  ( `cattype` <> 3 and `cattype` <> 4 )  AND `isend` = 1 ORDER BY `listorder` [ RunTime:0.001000s ]
[ sql ] [ SQL ] SELECT `modelid` FROM `sfox_category` WHERE  `id` = 93 LIMIT 1 [ RunTime:0.001000s ]
[ sql ] [ SQL ] SHOW COLUMNS FROM `sfox_models` [ RunTime:0.006000s ]
[ sql ] [ SQL ] SELECT `tablename` FROM `sfox_models` WHERE  `id` = 1 LIMIT 1 [ RunTime:0.000000s ]
[ sql ] [ SQL ] SHOW COLUMNS FROM `sfox_article` [ RunTime:0.006001s ]
[ sql ] [ SQL ] SELECT * FROM `sfox_article` WHERE  `catid` = 93 [ RunTime:0.000000s ]
[ sql ] [ SQL ] SELECT `modelid` FROM `sfox_category` WHERE  `id` = 86 LIMIT 1 [ RunTime:0.001000s ]
[ sql ] [ SQL ] SELECT `tablename` FROM `sfox_models` WHERE  `id` = 1 LIMIT 1 [ RunTime:0.000000s ]
[ sql ] [ SQL ] SELECT * FROM `sfox_article` WHERE  `catid` = 86 [ RunTime:0.000000s ]
[ sql ] [ SQL ] SELECT `modelid` FROM `sfox_category` WHERE  `id` = 89 LIMIT 1 [ RunTime:0.001000s ]
[ sql ] [ SQL ] SELECT `tablename` FROM `sfox_models` WHERE  `id` = 1 LIMIT 1 [ RunTime:0.000000s ]
[ sql ] [ SQL ] SELECT * FROM `sfox_article` WHERE  `catid` = 89 [ RunTime:0.001000s ]
[ sql ] [ SQL ] SELECT `modelid` FROM `sfox_category` WHERE  `id` = 101 LIMIT 1 [ RunTime:0.000000s ]
[ sql ] [ SQL ] SELECT `tablename` FROM `sfox_models` WHERE  `id` = 3 LIMIT 1 [ RunTime:0.001000s ]
[ sql ] [ SQL ] SHOW COLUMNS FROM `sfox_photo` [ RunTime:0.006000s ]
[ sql ] [ SQL ] SELECT * FROM `sfox_photo` WHERE  `catid` = 101 [ RunTime:0.001000s ]
[ sql ] [ SQL ] SELECT `modelid` FROM `sfox_category` WHERE  `id` = 29 LIMIT 1 [ RunTime:0.000000s ]
[ sql ] [ SQL ] SELECT `tablename` FROM `sfox_models` WHERE  `id` = 1 LIMIT 1 [ RunTime:0.000000s ]
[ sql ] [ SQL ] SELECT * FROM `sfox_article` WHERE  `catid` = 29 [ RunTime:0.001000s ]
[ sql ] [ SQL ] SELECT * FROM `sfox_category` WHERE  ( `cattype` <> 3 and `cattype` <> 4 ) ORDER BY `listorder` [ RunTime:0.000000s ]
---------------------------------------------------------------
[ 2019-07-14T21:18:46+08:00 ] 127.0.0.1 GET starcms.com/index.php/admin/content/content/id/29.html
[运行时间：0.111006s] [吞吐率：9.01req/s] [内存消耗：3,220.67kb] [文件加载：62]
[ info ] [ LANG ] D:\Apache24\htdocs\starcms\thinkphp\lang\zh-cn.php
[ info ] [ ROUTE ] array (
  'type' => 'module',
  'module' => 
  array (
    0 => 'admin',
    1 => 'content',
    2 => 'content',
  ),
)
[ info ] [ HEADER ] array (
  'host' => 'starcms.com',
  'connection' => 'keep-alive',
  'upgrade-insecure-requests' => '1',
  'user-agent' => 'Mozilla/5.0 (Windows NT 6.1; WOW64) AppleWebKit/537.36 (KHTML, like Gecko) Chrome/63.0.3239.132 Safari/537.36',
  'accept' => 'text/html,application/xhtml+xml,application/xml;q=0.9,image/webp,image/apng,*/*;q=0.8',
  'referer' => 'http://starcms.com/index.php/admin/content/index.html',
  'accept-encoding' => 'gzip, deflate',
  'accept-language' => 'zh-CN,zh;q=0.9',
  'cookie' => 'PHPSESSID=drnf3g7r7jlot27plh1sd526te',
)
[ info ] [ PARAM ] array (
  'id' => '29',
)
[ info ] [ SESSION ] INIT array (
  'id' => '',
  'var_session_id' => '',
  'prefix' => 'think',
  'type' => '',
  'auto_start' => true,
)
[ info ] [ RUN ] app\admin\controller\Content->content[ D:\Apache24\htdocs\starcms\application\admin\controller\Content.php ]
[ info ] [ DB ] INIT mysql
[ info ] [ VIEW ] D:\Apache24\htdocs\starcms./application/admin\view\content\content.html [ array (
  0 => 'catname',
  1 => 'infoList',
) ]
[ info ] [ LOG ] INIT File
[ error ] [8]未定义变量: fieldinfo[D:\Apache24\htdocs\starcms\application\admin\common.php:2]
[ error ] [8]未定义变量: setting[D:\Apache24\htdocs\starcms\application\admin\common.php:2]
[ sql ] [ DB ] CONNECT:[ UseTime:0.001000s ] mysql:host=127.0.0.1;dbname=studyfoxcms;charset=utf8
[ sql ] [ SQL ] SHOW COLUMNS FROM `sfox_category` [ RunTime:0.006000s ]
[ sql ] [ SQL ] SELECT `modelid` FROM `sfox_category` WHERE  `id` = 29 LIMIT 1 [ RunTime:0.001000s ]
[ sql ] [ SQL ] SHOW COLUMNS FROM `sfox_models` [ RunTime:0.011001s ]
[ sql ] [ SQL ] SELECT `tablename` FROM `sfox_models` WHERE  `id` = 1 LIMIT 1 [ RunTime:0.001000s ]
[ sql ] [ SQL ] SHOW COLUMNS FROM `sfox_article` [ RunTime:0.010001s ]
[ sql ] [ SQL ] SELECT COUNT(*) AS tp_count FROM `sfox_article` WHERE  `catid` = 29 LIMIT 1 [ RunTime:0.001000s ]
[ sql ] [ SQL ] SELECT * FROM `sfox_article` WHERE  `catid` = 29 LIMIT 0,12 [ RunTime:0.000000s ]
[ sql ] [ SQL ] SELECT `catname` FROM `sfox_category` WHERE  `id` = 29 LIMIT 1 [ RunTime:0.000000s ]
---------------------------------------------------------------
[ 2019-07-14T21:18:49+08:00 ] 127.0.0.1 GET starcms.com/index.php/admin/content/edit/id/39/catid/29.html
[运行时间：0.100005s] [吞吐率：10.00req/s] [内存消耗：3,073.58kb] [文件加载：58]
[ info ] [ LANG ] D:\Apache24\htdocs\starcms\thinkphp\lang\zh-cn.php
[ info ] [ ROUTE ] array (
  'type' => 'module',
  'module' => 
  array (
    0 => 'admin',
    1 => 'content',
    2 => 'edit',
  ),
)
[ info ] [ HEADER ] array (
  'host' => 'starcms.com',
  'connection' => 'keep-alive',
  'upgrade-insecure-requests' => '1',
  'user-agent' => 'Mozilla/5.0 (Windows NT 6.1; WOW64) AppleWebKit/537.36 (KHTML, like Gecko) Chrome/63.0.3239.132 Safari/537.36',
  'accept' => 'text/html,application/xhtml+xml,application/xml;q=0.9,image/webp,image/apng,*/*;q=0.8',
  'referer' => 'http://starcms.com/index.php/admin/content/content/id/29.html',
  'accept-encoding' => 'gzip, deflate',
  'accept-language' => 'zh-CN,zh;q=0.9',
  'cookie' => 'PHPSESSID=drnf3g7r7jlot27plh1sd526te',
)
[ info ] [ PARAM ] array (
  'id' => '39',
  'catid' => '29',
)
[ info ] [ SESSION ] INIT array (
  'id' => '',
  'var_session_id' => '',
  'prefix' => 'think',
  'type' => '',
  'auto_start' => true,
)
[ info ] [ RUN ] app\admin\controller\Content->edit[ D:\Apache24\htdocs\starcms\application\admin\controller\Content.php ]
[ info ] [ DB ] INIT mysql
[ info ] [ VIEW ] D:\Apache24\htdocs\starcms./application/admin\view\content\edit.html [ array (
  0 => 'forminfos',
  1 => 'catname',
) ]
[ info ] [ LOG ] INIT File
[ error ] [8]未定义变量: fieldinfo[D:\Apache24\htdocs\starcms\application\admin\common.php:2]
[ error ] [8]未定义变量: setting[D:\Apache24\htdocs\starcms\application\admin\common.php:2]
[ error ] [8]未定义数组索引: defaultvalue[D:\Apache24\htdocs\starcms\application\admin\common.php:58]
[ sql ] [ DB ] CONNECT:[ UseTime:0.010001s ] mysql:host=127.0.0.1;dbname=studyfoxcms;charset=utf8
[ sql ] [ SQL ] SHOW COLUMNS FROM `sfox_category` [ RunTime:0.005000s ]
[ sql ] [ SQL ] SELECT `modelid` FROM `sfox_category` WHERE  `id` = 29 LIMIT 1 [ RunTime:0.001000s ]
[ sql ] [ SQL ] SHOW COLUMNS FROM `sfox_models` [ RunTime:0.005001s ]
[ sql ] [ SQL ] SELECT `tablename` FROM `sfox_models` WHERE  `id` = 1 LIMIT 1 [ RunTime:0.000000s ]
[ sql ] [ SQL ] SHOW COLUMNS FROM `sfox_article` [ RunTime:0.005000s ]
[ sql ] [ SQL ] SELECT * FROM `sfox_article` WHERE  `id` = 39 LIMIT 1 [ RunTime:0.001000s ]
[ sql ] [ SQL ] SELECT `modelid` FROM `sfox_category` WHERE  `id` = 29 LIMIT 1 [ RunTime:0.000000s ]
[ sql ] [ SQL ] SELECT `id` FROM `sfox_models` WHERE  `id` = 1 LIMIT 1 [ RunTime:0.001000s ]
[ sql ] [ SQL ] SHOW COLUMNS FROM `sfox_models_field` [ RunTime:0.005000s ]
[ sql ] [ SQL ] SELECT * FROM `sfox_models_field` WHERE  `modelid` = 1 ORDER BY `sort` [ RunTime:0.011001s ]
[ sql ] [ SQL ] SELECT `catname` FROM `sfox_category` WHERE  `id` = 29 LIMIT 1 [ RunTime:0.001000s ]
---------------------------------------------------------------
[ 2019-07-14T21:18:56+08:00 ] 127.0.0.1 GET starcms.com/index.php/admin/debris/index.html
[运行时间：0.198012s] [吞吐率：5.05req/s] [内存消耗：3,074.02kb] [文件加载：58]
[ info ] [ LANG ] D:\Apache24\htdocs\starcms\thinkphp\lang\zh-cn.php
[ info ] [ ROUTE ] array (
  'type' => 'module',
  'module' => 
  array (
    0 => 'admin',
    1 => 'debris',
    2 => 'index',
  ),
)
[ info ] [ HEADER ] array (
  'host' => 'starcms.com',
  'connection' => 'keep-alive',
  'upgrade-insecure-requests' => '1',
  'user-agent' => 'Mozilla/5.0 (Windows NT 6.1; WOW64) AppleWebKit/537.36 (KHTML, like Gecko) Chrome/63.0.3239.132 Safari/537.36',
  'accept' => 'text/html,application/xhtml+xml,application/xml;q=0.9,image/webp,image/apng,*/*;q=0.8',
  'referer' => 'http://starcms.com/index.php/admin/index/index.html',
  'accept-encoding' => 'gzip, deflate',
  'accept-language' => 'zh-CN,zh;q=0.9',
  'cookie' => 'PHPSESSID=drnf3g7r7jlot27plh1sd526te',
)
[ info ] [ PARAM ] array (
)
[ info ] [ SESSION ] INIT array (
  'id' => '',
  'var_session_id' => '',
  'prefix' => 'think',
  'type' => '',
  'auto_start' => true,
)
[ info ] [ RUN ] app\admin\controller\Debris->index[ D:\Apache24\htdocs\starcms\application\admin\controller\Debris.php ]
[ info ] [ DB ] INIT mysql
[ info ] [ VIEW ] D:\Apache24\htdocs\starcms./application/admin\view\debris\index.html [ array (
  0 => 'debris',
  1 => 'debris_info',
) ]
[ info ] [ LOG ] INIT File
[ error ] [8]未定义变量: fieldinfo[D:\Apache24\htdocs\starcms\application\admin\common.php:2]
[ error ] [8]未定义变量: setting[D:\Apache24\htdocs\starcms\application\admin\common.php:2]
[ sql ] [ DB ] CONNECT:[ UseTime:0.001001s ] mysql:host=127.0.0.1;dbname=studyfoxcms;charset=utf8
[ sql ] [ SQL ] SHOW COLUMNS FROM `sfox_debris` [ RunTime:0.091005s ]
[ sql ] [ SQL ] SELECT * FROM `sfox_debris` [ RunTime:0.012000s ]
[ sql ] [ SQL ] SELECT * FROM `sfox_debris` WHERE  `id` IS NULL LIMIT 1 [ RunTime:0.000000s ]
---------------------------------------------------------------
[ 2019-07-14T21:19:09+08:00 ] 127.0.0.1 GET starcms.com/index.php/admin/models/index.html
[运行时间：0.082005s] [吞吐率：12.19req/s] [内存消耗：3,160.54kb] [文件加载：58]
[ info ] [ LANG ] D:\Apache24\htdocs\starcms\thinkphp\lang\zh-cn.php
[ info ] [ ROUTE ] array (
  'type' => 'module',
  'module' => 
  array (
    0 => 'admin',
    1 => 'models',
    2 => 'index',
  ),
)
[ info ] [ HEADER ] array (
  'host' => 'starcms.com',
  'connection' => 'keep-alive',
  'upgrade-insecure-requests' => '1',
  'user-agent' => 'Mozilla/5.0 (Windows NT 6.1; WOW64) AppleWebKit/537.36 (KHTML, like Gecko) Chrome/63.0.3239.132 Safari/537.36',
  'accept' => 'text/html,application/xhtml+xml,application/xml;q=0.9,image/webp,image/apng,*/*;q=0.8',
  'referer' => 'http://starcms.com/index.php/admin/index/index.html',
  'accept-encoding' => 'gzip, deflate',
  'accept-language' => 'zh-CN,zh;q=0.9',
  'cookie' => 'PHPSESSID=drnf3g7r7jlot27plh1sd526te',
)
[ info ] [ PARAM ] array (
)
[ info ] [ SESSION ] INIT array (
  'id' => '',
  'var_session_id' => '',
  'prefix' => 'think',
  'type' => '',
  'auto_start' => true,
)
[ info ] [ RUN ] app\admin\controller\Models->index[ D:\Apache24\htdocs\starcms\application\admin\controller\Models.php ]
[ info ] [ DB ] INIT mysql
[ info ] [ VIEW ] D:\Apache24\htdocs\starcms./application/admin\view\models\index.html [ array (
  0 => 'modelslist',
  1 => 'filename',
) ]
[ info ] [ LOG ] INIT File
[ error ] [8]未定义变量: fieldinfo[D:\Apache24\htdocs\starcms\application\admin\common.php:2]
[ error ] [8]未定义变量: setting[D:\Apache24\htdocs\starcms\application\admin\common.php:2]
[ sql ] [ DB ] CONNECT:[ UseTime:0.010000s ] mysql:host=127.0.0.1;dbname=studyfoxcms;charset=utf8
[ sql ] [ SQL ] SHOW COLUMNS FROM `sfox_models` [ RunTime:0.006001s ]
[ sql ] [ SQL ] SELECT * FROM `sfox_models` ORDER BY `sort` [ RunTime:0.001000s ]
[ sql ] [ SQL ] SHOW COLUMNS FROM `sfox_config` [ RunTime:0.005000s ]
[ sql ] [ SQL ] SELECT `varname`,`value` FROM `sfox_config` [ RunTime:0.001000s ]
---------------------------------------------------------------
[ 2019-07-14T21:20:48+08:00 ] 127.0.0.1 GET starcms.com/index.php/admin/content/index.html
[运行时间：0.096006s] [吞吐率：10.42req/s] [内存消耗：3,189.04kb] [文件加载：58]
[ info ] [ LANG ] D:\Apache24\htdocs\starcms\thinkphp\lang\zh-cn.php
[ info ] [ ROUTE ] array (
  'type' => 'module',
  'module' => 
  array (
    0 => 'admin',
    1 => 'content',
    2 => 'index',
  ),
)
[ info ] [ HEADER ] array (
  'host' => 'starcms.com',
  'connection' => 'keep-alive',
  'upgrade-insecure-requests' => '1',
  'user-agent' => 'Mozilla/5.0 (Windows NT 6.1; WOW64) AppleWebKit/537.36 (KHTML, like Gecko) Chrome/63.0.3239.132 Safari/537.36',
  'accept' => 'text/html,application/xhtml+xml,application/xml;q=0.9,image/webp,image/apng,*/*;q=0.8',
  'referer' => 'http://starcms.com/index.php/admin/index/index.html',
  'accept-encoding' => 'gzip, deflate',
  'accept-language' => 'zh-CN,zh;q=0.9',
  'cookie' => 'PHPSESSID=drnf3g7r7jlot27plh1sd526te',
)
[ info ] [ PARAM ] array (
)
[ info ] [ SESSION ] INIT array (
  'id' => '',
  'var_session_id' => '',
  'prefix' => 'think',
  'type' => '',
  'auto_start' => true,
)
[ info ] [ RUN ] app\admin\controller\Content->index[ D:\Apache24\htdocs\starcms\application\admin\controller\Content.php ]
[ info ] [ DB ] INIT mysql
[ info ] [ VIEW ] D:\Apache24\htdocs\starcms./application/admin\view\content\index.html [ array (
  0 => 'categoryList',
  1 => 'id',
) ]
[ info ] [ LOG ] INIT File
[ error ] [8]未定义变量: fieldinfo[D:\Apache24\htdocs\starcms\application\admin\common.php:2]
[ error ] [8]未定义变量: setting[D:\Apache24\htdocs\starcms\application\admin\common.php:2]
[ error ] [8]未定义数组索引: son[D:\Apache24\htdocs\starcms\runtime\temp\2f97d54dd2a6a446398d2d688f0c7cda.php:39]
[ error ] [8]未定义数组索引: son[D:\Apache24\htdocs\starcms\runtime\temp\2f97d54dd2a6a446398d2d688f0c7cda.php:39]
[ error ] [8]未定义数组索引: son[D:\Apache24\htdocs\starcms\runtime\temp\2f97d54dd2a6a446398d2d688f0c7cda.php:39]
[ sql ] [ DB ] CONNECT:[ UseTime:0.000000s ] mysql:host=127.0.0.1;dbname=studyfoxcms;charset=utf8
[ sql ] [ SQL ] SHOW COLUMNS FROM `sfox_category` [ RunTime:0.007001s ]
[ sql ] [ SQL ] SELECT `id` FROM `sfox_category` WHERE  ( `cattype` <> 3 and `cattype` <> 4 )  AND `isend` = 1 ORDER BY `listorder` [ RunTime:0.001000s ]
[ sql ] [ SQL ] SELECT `modelid` FROM `sfox_category` WHERE  `id` = 93 LIMIT 1 [ RunTime:0.000000s ]
[ sql ] [ SQL ] SHOW COLUMNS FROM `sfox_models` [ RunTime:0.006000s ]
[ sql ] [ SQL ] SELECT `tablename` FROM `sfox_models` WHERE  `id` = 1 LIMIT 1 [ RunTime:0.000000s ]
[ sql ] [ SQL ] SHOW COLUMNS FROM `sfox_article` [ RunTime:0.008001s ]
[ sql ] [ SQL ] SELECT * FROM `sfox_article` WHERE  `catid` = 93 [ RunTime:0.001000s ]
[ sql ] [ SQL ] SELECT `modelid` FROM `sfox_category` WHERE  `id` = 86 LIMIT 1 [ RunTime:0.000000s ]
[ sql ] [ SQL ] SELECT `tablename` FROM `sfox_models` WHERE  `id` = 1 LIMIT 1 [ RunTime:0.001000s ]
[ sql ] [ SQL ] SELECT * FROM `sfox_article` WHERE  `catid` = 86 [ RunTime:0.000000s ]
[ sql ] [ SQL ] SELECT `modelid` FROM `sfox_category` WHERE  `id` = 89 LIMIT 1 [ RunTime:0.000000s ]
[ sql ] [ SQL ] SELECT `tablename` FROM `sfox_models` WHERE  `id` = 1 LIMIT 1 [ RunTime:0.001000s ]
[ sql ] [ SQL ] SELECT * FROM `sfox_article` WHERE  `catid` = 89 [ RunTime:0.000000s ]
[ sql ] [ SQL ] SELECT `modelid` FROM `sfox_category` WHERE  `id` = 101 LIMIT 1 [ RunTime:0.000000s ]
[ sql ] [ SQL ] SELECT `tablename` FROM `sfox_models` WHERE  `id` = 3 LIMIT 1 [ RunTime:0.001000s ]
[ sql ] [ SQL ] SHOW COLUMNS FROM `sfox_photo` [ RunTime:0.006000s ]
[ sql ] [ SQL ] SELECT * FROM `sfox_photo` WHERE  `catid` = 101 [ RunTime:0.001000s ]
[ sql ] [ SQL ] SELECT `modelid` FROM `sfox_category` WHERE  `id` = 29 LIMIT 1 [ RunTime:0.000000s ]
[ sql ] [ SQL ] SELECT `tablename` FROM `sfox_models` WHERE  `id` = 1 LIMIT 1 [ RunTime:0.000000s ]
[ sql ] [ SQL ] SELECT * FROM `sfox_article` WHERE  `catid` = 29 [ RunTime:0.001000s ]
[ sql ] [ SQL ] SELECT * FROM `sfox_category` WHERE  ( `cattype` <> 3 and `cattype` <> 4 ) ORDER BY `listorder` [ RunTime:0.000000s ]
---------------------------------------------------------------
[ 2019-07-14T21:20:48+08:00 ] 127.0.0.1 GET starcms.com/index.php/admin/content/content/id/29.html
[运行时间：0.119007s] [吞吐率：8.40req/s] [内存消耗：3,006.62kb] [文件加载：60]
[ info ] [ LANG ] D:\Apache24\htdocs\starcms\thinkphp\lang\zh-cn.php
[ info ] [ ROUTE ] array (
  'type' => 'module',
  'module' => 
  array (
    0 => 'admin',
    1 => 'content',
    2 => 'content',
  ),
)
[ info ] [ HEADER ] array (
  'host' => 'starcms.com',
  'connection' => 'keep-alive',
  'upgrade-insecure-requests' => '1',
  'user-agent' => 'Mozilla/5.0 (Windows NT 6.1; WOW64) AppleWebKit/537.36 (KHTML, like Gecko) Chrome/63.0.3239.132 Safari/537.36',
  'accept' => 'text/html,application/xhtml+xml,application/xml;q=0.9,image/webp,image/apng,*/*;q=0.8',
  'referer' => 'http://starcms.com/index.php/admin/content/index.html',
  'accept-encoding' => 'gzip, deflate',
  'accept-language' => 'zh-CN,zh;q=0.9',
  'cookie' => 'PHPSESSID=drnf3g7r7jlot27plh1sd526te',
)
[ info ] [ PARAM ] array (
  'id' => '29',
)
[ info ] [ SESSION ] INIT array (
  'id' => '',
  'var_session_id' => '',
  'prefix' => 'think',
  'type' => '',
  'auto_start' => true,
)
[ info ] [ RUN ] app\admin\controller\Content->content[ D:\Apache24\htdocs\starcms\application\admin\controller\Content.php ]
[ info ] [ DB ] INIT mysql
[ info ] [ VIEW ] D:\Apache24\htdocs\starcms./application/admin\view\content\content.html [ array (
  0 => 'catname',
  1 => 'infoList',
) ]
[ info ] [ LOG ] INIT File
[ error ] [8]未定义变量: fieldinfo[D:\Apache24\htdocs\starcms\application\admin\common.php:2]
[ error ] [8]未定义变量: setting[D:\Apache24\htdocs\starcms\application\admin\common.php:2]
[ sql ] [ DB ] CONNECT:[ UseTime:0.010000s ] mysql:host=127.0.0.1;dbname=studyfoxcms;charset=utf8
[ sql ] [ SQL ] SHOW COLUMNS FROM `sfox_category` [ RunTime:0.008001s ]
[ sql ] [ SQL ] SELECT `modelid` FROM `sfox_category` WHERE  `id` = 29 LIMIT 1 [ RunTime:0.001000s ]
[ sql ] [ SQL ] SHOW COLUMNS FROM `sfox_models` [ RunTime:0.005000s ]
[ sql ] [ SQL ] SELECT `tablename` FROM `sfox_models` WHERE  `id` = 1 LIMIT 1 [ RunTime:0.000000s ]
[ sql ] [ SQL ] SHOW COLUMNS FROM `sfox_article` [ RunTime:0.006001s ]
[ sql ] [ SQL ] SELECT COUNT(*) AS tp_count FROM `sfox_article` WHERE  `catid` = 29 LIMIT 1 [ RunTime:0.001000s ]
[ sql ] [ SQL ] SELECT * FROM `sfox_article` WHERE  `catid` = 29 LIMIT 0,12 [ RunTime:0.001000s ]
[ sql ] [ SQL ] SELECT `catname` FROM `sfox_category` WHERE  `id` = 29 LIMIT 1 [ RunTime:0.000000s ]
---------------------------------------------------------------
[ 2019-07-14T21:20:50+08:00 ] 127.0.0.1 GET starcms.com/index.php/admin/content/add/id/29.html
[运行时间：0.077004s] [吞吐率：12.99req/s] [内存消耗：3,074.38kb] [文件加载：58]
[ info ] [ LANG ] D:\Apache24\htdocs\starcms\thinkphp\lang\zh-cn.php
[ info ] [ ROUTE ] array (
  'type' => 'module',
  'module' => 
  array (
    0 => 'admin',
    1 => 'content',
    2 => 'add',
  ),
)
[ info ] [ HEADER ] array (
  'host' => 'starcms.com',
  'connection' => 'keep-alive',
  'upgrade-insecure-requests' => '1',
  'user-agent' => 'Mozilla/5.0 (Windows NT 6.1; WOW64) AppleWebKit/537.36 (KHTML, like Gecko) Chrome/63.0.3239.132 Safari/537.36',
  'accept' => 'text/html,application/xhtml+xml,application/xml;q=0.9,image/webp,image/apng,*/*;q=0.8',
  'referer' => 'http://starcms.com/index.php/admin/content/content/id/29.html',
  'accept-encoding' => 'gzip, deflate',
  'accept-language' => 'zh-CN,zh;q=0.9',
  'cookie' => 'PHPSESSID=drnf3g7r7jlot27plh1sd526te',
)
[ info ] [ PARAM ] array (
  'id' => '29',
)
[ info ] [ SESSION ] INIT array (
  'id' => '',
  'var_session_id' => '',
  'prefix' => 'think',
  'type' => '',
  'auto_start' => true,
)
[ info ] [ RUN ] app\admin\controller\Content->add[ D:\Apache24\htdocs\starcms\application\admin\controller\Content.php ]
[ info ] [ DB ] INIT mysql
[ info ] [ VIEW ] D:\Apache24\htdocs\starcms./application/admin\view\content\add.html [ array (
  0 => 'forminfos',
  1 => 'catname',
) ]
[ info ] [ LOG ] INIT File
[ error ] [8]未定义变量: fieldinfo[D:\Apache24\htdocs\starcms\application\admin\common.php:2]
[ error ] [8]未定义变量: setting[D:\Apache24\htdocs\starcms\application\admin\common.php:2]
[ error ] [8]未定义数组索引: realvalue[D:\Apache24\htdocs\starcms\application\admin\common.php:9]
[ error ] [8]未定义数组索引: realvalue[D:\Apache24\htdocs\starcms\application\admin\common.php:9]
[ error ] [8]未定义数组索引: realvalue[D:\Apache24\htdocs\starcms\application\admin\common.php:9]
[ error ] [8]未定义数组索引: realvalue[D:\Apache24\htdocs\starcms\application\admin\common.php:28]
[ error ] [8]未定义数组索引: realvalue[D:\Apache24\htdocs\starcms\application\admin\common.php:86]
[ error ] [8]未定义数组索引: realvalue[D:\Apache24\htdocs\starcms\application\admin\common.php:9]
[ error ] [8]未定义数组索引: defaultvalue[D:\Apache24\htdocs\starcms\application\admin\common.php:58]
[ error ] [8]未定义数组索引: realvalue[D:\Apache24\htdocs\starcms\application\admin\common.php:61]
[ error ] [8]未定义数组索引: realvalue[D:\Apache24\htdocs\starcms\application\admin\common.php:62]
[ error ] [8]未定义数组索引: realvalue[D:\Apache24\htdocs\starcms\application\admin\common.php:9]
[ error ] [8]未定义数组索引: realvalue[D:\Apache24\htdocs\starcms\application\admin\common.php:1051]
[ error ] [8]未定义数组索引: realvalue[D:\Apache24\htdocs\starcms\application\admin\common.php:44]
[ error ] [8]未定义数组索引: realvalue[D:\Apache24\htdocs\starcms\application\admin\common.php:44]
[ error ] [8]未定义数组索引: realvalue[D:\Apache24\htdocs\starcms\application\admin\common.php:1026]
[ error ] [8]未定义数组索引: realvalue[D:\Apache24\htdocs\starcms\application\admin\common.php:1051]
[ error ] [8]未定义数组索引: realvalue[D:\Apache24\htdocs\starcms\application\admin\common.php:1051]
[ sql ] [ DB ] CONNECT:[ UseTime:0.001000s ] mysql:host=127.0.0.1;dbname=studyfoxcms;charset=utf8
[ sql ] [ SQL ] SHOW COLUMNS FROM `sfox_category` [ RunTime:0.005000s ]
[ sql ] [ SQL ] SELECT `modelid` FROM `sfox_category` WHERE  `id` = 29 LIMIT 1 [ RunTime:0.000000s ]
[ sql ] [ SQL ] SHOW COLUMNS FROM `sfox_models` [ RunTime:0.006000s ]
[ sql ] [ SQL ] SELECT `id` FROM `sfox_models` WHERE  `id` = 1 LIMIT 1 [ RunTime:0.001000s ]
[ sql ] [ SQL ] SHOW COLUMNS FROM `sfox_models_field` [ RunTime:0.005001s ]
[ sql ] [ SQL ] SELECT * FROM `sfox_models_field` WHERE  `modelid` = 1 ORDER BY `sort` [ RunTime:0.001000s ]
[ sql ] [ SQL ] SELECT `catname` FROM `sfox_category` WHERE  `id` = 29 LIMIT 1 [ RunTime:0.000000s ]
---------------------------------------------------------------
[ 2019-07-14T21:22:32+08:00 ] 127.0.0.1 GET starcms.com/index.php/admin/content/index/id/29.html
[运行时间：0.089005s] [吞吐率：11.24req/s] [内存消耗：3,163.47kb] [文件加载：58]
[ info ] [ LANG ] D:\Apache24\htdocs\starcms\thinkphp\lang\zh-cn.php
[ info ] [ ROUTE ] array (
  'type' => 'module',
  'module' => 
  array (
    0 => 'admin',
    1 => 'content',
    2 => 'index',
  ),
)
[ info ] [ HEADER ] array (
  'host' => 'starcms.com',
  'connection' => 'keep-alive',
  'upgrade-insecure-requests' => '1',
  'user-agent' => 'Mozilla/5.0 (Windows NT 6.1; WOW64) AppleWebKit/537.36 (KHTML, like Gecko) Chrome/63.0.3239.132 Safari/537.36',
  'accept' => 'text/html,application/xhtml+xml,application/xml;q=0.9,image/webp,image/apng,*/*;q=0.8',
  'referer' => 'http://starcms.com/index.php/admin/content/add/id/29.html',
  'accept-encoding' => 'gzip, deflate',
  'accept-language' => 'zh-CN,zh;q=0.9',
  'cookie' => 'PHPSESSID=drnf3g7r7jlot27plh1sd526te',
)
[ info ] [ PARAM ] array (
  'id' => '29',
)
[ info ] [ SESSION ] INIT array (
  'id' => '',
  'var_session_id' => '',
  'prefix' => 'think',
  'type' => '',
  'auto_start' => true,
)
[ info ] [ RUN ] app\admin\controller\Content->index[ D:\Apache24\htdocs\starcms\application\admin\controller\Content.php ]
[ info ] [ DB ] INIT mysql
[ info ] [ VIEW ] D:\Apache24\htdocs\starcms./application/admin\view\content\index.html [ array (
  0 => 'categoryList',
  1 => 'id',
) ]
[ info ] [ LOG ] INIT File
[ error ] [8]未定义变量: fieldinfo[D:\Apache24\htdocs\starcms\application\admin\common.php:2]
[ error ] [8]未定义变量: setting[D:\Apache24\htdocs\starcms\application\admin\common.php:2]
[ error ] [8]未定义数组索引: son[D:\Apache24\htdocs\starcms\runtime\temp\2f97d54dd2a6a446398d2d688f0c7cda.php:39]
[ error ] [8]未定义数组索引: son[D:\Apache24\htdocs\starcms\runtime\temp\2f97d54dd2a6a446398d2d688f0c7cda.php:39]
[ error ] [8]未定义数组索引: son[D:\Apache24\htdocs\starcms\runtime\temp\2f97d54dd2a6a446398d2d688f0c7cda.php:39]
[ sql ] [ DB ] CONNECT:[ UseTime:0.001000s ] mysql:host=127.0.0.1;dbname=studyfoxcms;charset=utf8
[ sql ] [ SQL ] SHOW COLUMNS FROM `sfox_category` [ RunTime:0.026002s ]
[ sql ] [ SQL ] SELECT * FROM `sfox_category` WHERE  ( `cattype` <> 3 and `cattype` <> 4 ) ORDER BY `listorder` [ RunTime:0.001000s ]
---------------------------------------------------------------
[ 2019-07-14T21:22:33+08:00 ] 127.0.0.1 GET starcms.com/index.php/admin/content/content/id/29.html
[运行时间：0.127007s] [吞吐率：7.87req/s] [内存消耗：3,006.66kb] [文件加载：60]
[ info ] [ LANG ] D:\Apache24\htdocs\starcms\thinkphp\lang\zh-cn.php
[ info ] [ ROUTE ] array (
  'type' => 'module',
  'module' => 
  array (
    0 => 'admin',
    1 => 'content',
    2 => 'content',
  ),
)
[ info ] [ HEADER ] array (
  'host' => 'starcms.com',
  'connection' => 'keep-alive',
  'upgrade-insecure-requests' => '1',
  'user-agent' => 'Mozilla/5.0 (Windows NT 6.1; WOW64) AppleWebKit/537.36 (KHTML, like Gecko) Chrome/63.0.3239.132 Safari/537.36',
  'accept' => 'text/html,application/xhtml+xml,application/xml;q=0.9,image/webp,image/apng,*/*;q=0.8',
  'referer' => 'http://starcms.com/index.php/admin/content/index/id/29.html',
  'accept-encoding' => 'gzip, deflate',
  'accept-language' => 'zh-CN,zh;q=0.9',
  'cookie' => 'PHPSESSID=drnf3g7r7jlot27plh1sd526te',
)
[ info ] [ PARAM ] array (
  'id' => '29',
)
[ info ] [ SESSION ] INIT array (
  'id' => '',
  'var_session_id' => '',
  'prefix' => 'think',
  'type' => '',
  'auto_start' => true,
)
[ info ] [ RUN ] app\admin\controller\Content->content[ D:\Apache24\htdocs\starcms\application\admin\controller\Content.php ]
[ info ] [ DB ] INIT mysql
[ info ] [ VIEW ] D:\Apache24\htdocs\starcms./application/admin\view\content\content.html [ array (
  0 => 'catname',
  1 => 'infoList',
) ]
[ info ] [ LOG ] INIT File
[ error ] [8]未定义变量: fieldinfo[D:\Apache24\htdocs\starcms\application\admin\common.php:2]
[ error ] [8]未定义变量: setting[D:\Apache24\htdocs\starcms\application\admin\common.php:2]
[ sql ] [ DB ] CONNECT:[ UseTime:0.001000s ] mysql:host=127.0.0.1;dbname=studyfoxcms;charset=utf8
[ sql ] [ SQL ] SHOW COLUMNS FROM `sfox_category` [ RunTime:0.012001s ]
[ sql ] [ SQL ] SELECT `modelid` FROM `sfox_category` WHERE  `id` = 29 LIMIT 1 [ RunTime:0.001000s ]
[ sql ] [ SQL ] SHOW COLUMNS FROM `sfox_models` [ RunTime:0.008000s ]
[ sql ] [ SQL ] SELECT `tablename` FROM `sfox_models` WHERE  `id` = 1 LIMIT 1 [ RunTime:0.002000s ]
[ sql ] [ SQL ] SHOW COLUMNS FROM `sfox_article` [ RunTime:0.005001s ]
[ sql ] [ SQL ] SELECT COUNT(*) AS tp_count FROM `sfox_article` WHERE  `catid` = 29 LIMIT 1 [ RunTime:0.000000s ]
[ sql ] [ SQL ] SELECT * FROM `sfox_article` WHERE  `catid` = 29 LIMIT 0,12 [ RunTime:0.000000s ]
[ sql ] [ SQL ] SELECT `catname` FROM `sfox_category` WHERE  `id` = 29 LIMIT 1 [ RunTime:0.000000s ]
